2021-06-24 15:33:51,701 [Worker-1] INFO  c.g.t.t.d.PublishedGradleVersions - Gradle version information cache is up-to-date. Trying to read.
2021-06-24 15:37:16,823 [Worker-20] INFO  o.e.m.c.i.l.LifecycleMappingFactory - Using org.eclipse.m2e.jdt.JarLifecycleMapping lifecycle mapping for MavenProject: com.uhg:cukesatdd:1.0-SNAPSHOT @ C:\gitrepo\mratdd\cukesatdd\pom.xml.
2021-06-24 15:37:33,442 [Worker-20] INFO  o.e.m.j.i.AbstractJavaProjectConfigurator - Adding source folder /cukesatdd/src/main/java
2021-06-24 15:37:33,444 [Worker-20] INFO  o.e.m.j.i.AbstractJavaProjectConfigurator - Adding resource folder /cukesatdd/src/main/resources
2021-06-24 15:37:33,542 [Worker-20] INFO  o.e.m.j.i.AbstractJavaProjectConfigurator - Adding source folder /cukesatdd/src/test/java
2021-06-24 15:37:40,988 [Worker-20] INFO  o.e.m.c.i.p.ProjectConfigurationManager - Imported and configured 1 project(s) in 30 sec
2021-06-24 15:38:04,928 [Worker-20] INFO  o.e.m.c.i.embedder.EclipseLogger - Using 'ISO-8859-1' encoding to copy filtered resources.
2021-06-24 15:38:04,951 [Worker-20] INFO  o.e.m.c.i.embedder.EclipseLogger - Copying 537 resources
2021-06-24 15:38:14,324 [Worker-20] INFO  o.e.m.c.i.embedder.EclipseLogger - Using 'ISO-8859-1' encoding to copy filtered resources.
2021-06-24 15:38:14,324 [Worker-20] INFO  o.e.m.c.i.embedder.EclipseLogger - skip non existing resourceDirectory C:\gitrepo\mratdd\cukesatdd\src\test\resources
2021-06-24 16:30:13,897 [Worker-1] INFO  c.g.t.t.d.PublishedGradleVersions - Gradle version information cache is up-to-date. Trying to read.
2021-06-25 12:10:42,588 [Worker-1] INFO  c.g.t.t.d.PublishedGradleVersions - Gradle version information cache is up-to-date. Trying to read.
2021-06-25 14:17:13,931 [Worker-39] INFO  o.e.m.c.i.embedder.EclipseLogger - Using 'ISO-8859-1' encoding to copy filtered resources.
2021-06-25 14:17:13,972 [Worker-39] INFO  o.e.m.c.i.embedder.EclipseLogger - Copying 537 resources
2021-06-25 14:17:16,193 [Worker-39] INFO  o.e.m.c.i.embedder.EclipseLogger - Using 'ISO-8859-1' encoding to copy filtered resources.
2021-06-25 14:17:16,194 [Worker-39] INFO  o.e.m.c.i.embedder.EclipseLogger - skip non existing resourceDirectory C:\gitrepo\mratdd\cukesatdd\src\test\resources
2021-06-25 14:26:15,733 [Worker-32] INFO  o.e.m.c.i.embedder.EclipseLogger - Using 'ISO-8859-1' encoding to copy filtered resources.
2021-06-25 14:26:15,745 [Worker-32] INFO  o.e.m.c.i.embedder.EclipseLogger - Copying 1 resource
2021-06-25 14:26:15,805 [Worker-32] INFO  o.e.m.c.i.embedder.EclipseLogger - Using 'ISO-8859-1' encoding to copy filtered resources.
2021-06-25 14:26:15,806 [Worker-32] INFO  o.e.m.c.i.embedder.EclipseLogger - skip non existing resourceDirectory C:\gitrepo\mratdd\cukesatdd\src\test\resources
2021-06-25 14:27:22,538 [Worker-38] INFO  o.e.m.c.i.embedder.EclipseLogger - Using 'ISO-8859-1' encoding to copy filtered resources.
2021-06-25 14:27:22,539 [Worker-38] INFO  o.e.m.c.i.embedder.EclipseLogger - Copying 1 resource
2021-06-25 14:27:22,584 [Worker-38] INFO  o.e.m.c.i.embedder.EclipseLogger - Using 'ISO-8859-1' encoding to copy filtered resources.
2021-06-25 14:27:22,585 [Worker-38] INFO  o.e.m.c.i.embedder.EclipseLogger - skip non existing resourceDirectory C:\gitrepo\mratdd\cukesatdd\src\test\resources
2021-06-25 14:34:29,547 [Worker-43] WARN  o.e.r.models.ModelRepository - Failed to download org.eclipse.recommenders:index::zip:0.0.0
org.eclipse.aether.resolution.ArtifactResolutionException: Could not find artifact org.eclipse.recommenders:index:zip:0.0.0-SNAPSHOT in models (http://download.eclipse.org/recommenders/models/oxygen/)
	at org.eclipse.aether.internal.impl.DefaultArtifactResolver.resolve(DefaultArtifactResolver.java:453) ~[na:na]
	at org.eclipse.aether.internal.impl.DefaultArtifactResolver.resolveArtifacts(DefaultArtifactResolver.java:255) ~[na:na]
	at org.eclipse.aether.internal.impl.DefaultArtifactResolver.resolveArtifact(DefaultArtifactResolver.java:232) ~[na:na]
	at org.eclipse.aether.internal.impl.DefaultRepositorySystem.resolveArtifact(DefaultRepositorySystem.java:303) ~[na:na]
	at org.eclipse.recommenders.models.ModelRepository.resolveInternal(ModelRepository.java:193) [org.eclipse.recommenders.models_2.5.2.v20180401-1226.jar:na]
	at org.eclipse.recommenders.models.ModelRepository.resolve(ModelRepository.java:172) [org.eclipse.recommenders.models_2.5.2.v20180401-1226.jar:na]
	at org.eclipse.recommenders.internal.models.rcp.EclipseModelRepository.resolve(EclipseModelRepository.java:168) [org.eclipse.recommenders.models.rcp_2.5.2.v20180401-1226.jar:na]
	at org.eclipse.recommenders.internal.models.rcp.DownloadModelArchiveJob.run(DownloadModelArchiveJob.java:76) [org.eclipse.recommenders.models.rcp_2.5.2.v20180401-1226.jar:na]
	at org.eclipse.core.internal.jobs.Worker.run(Worker.java:56) [org.eclipse.core.jobs_3.9.3.v20180115-1757.jar:na]
Caused by: org.eclipse.aether.transfer.ArtifactNotFoundException: Could not find artifact org.eclipse.recommenders:index:zip:0.0.0-SNAPSHOT in models (http://download.eclipse.org/recommenders/models/oxygen/)
	at org.eclipse.aether.connector.basic.ArtifactTransportListener.transferFailed(ArtifactTransportListener.java:48) ~[org.apache.maven.resolver.connector.basic_1.0.3.v20170405-0725.jar:1.0.3]
	at org.eclipse.aether.connector.basic.BasicRepositoryConnector$TaskRunner.run(BasicRepositoryConnector.java:364) ~[org.apache.maven.resolver.connector.basic_1.0.3.v20170405-0725.jar:1.0.3]
	at org.eclipse.aether.util.concurrency.RunnableErrorForwarder$1.run(RunnableErrorForwarder.java:76) ~[na:na]
	at org.eclipse.aether.connector.basic.BasicRepositoryConnector$DirectExecutor.execute(BasicRepositoryConnector.java:590) ~[org.apache.maven.resolver.connector.basic_1.0.3.v20170405-0725.jar:1.0.3]
	at org.eclipse.aether.connector.basic.BasicRepositoryConnector.get(BasicRepositoryConnector.java:258) ~[org.apache.maven.resolver.connector.basic_1.0.3.v20170405-0725.jar:1.0.3]
	at org.eclipse.aether.internal.impl.DefaultArtifactResolver.performDownloads(DefaultArtifactResolver.java:529) ~[na:na]
	at org.eclipse.aether.internal.impl.DefaultArtifactResolver.resolve(DefaultArtifactResolver.java:430) ~[na:na]
	... 8 common frames omitted
2021-06-25 14:45:41,343 [Worker-32] INFO  o.e.m.c.i.embedder.EclipseLogger - Using 'ISO-8859-1' encoding to copy filtered resources.
2021-06-25 14:45:42,205 [Worker-32] INFO  o.e.m.c.i.embedder.EclipseLogger - Copying 537 resources
2021-06-25 14:45:44,376 [Worker-32] INFO  o.e.m.c.i.embedder.EclipseLogger - Using 'ISO-8859-1' encoding to copy filtered resources.
2021-06-25 14:45:44,377 [Worker-32] INFO  o.e.m.c.i.embedder.EclipseLogger - skip non existing resourceDirectory C:\gitrepo\mratdd\cukesatdd\src\test\resources
2021-06-25 14:48:08,456 [Worker-48] INFO  o.e.m.c.i.embedder.EclipseLogger - Using 'ISO-8859-1' encoding to copy filtered resources.
2021-06-25 14:48:08,457 [Worker-48] INFO  o.e.m.c.i.embedder.EclipseLogger - Copying 1 resource
2021-06-25 14:48:08,508 [Worker-48] INFO  o.e.m.c.i.embedder.EclipseLogger - Using 'ISO-8859-1' encoding to copy filtered resources.
2021-06-25 14:48:08,508 [Worker-48] INFO  o.e.m.c.i.embedder.EclipseLogger - skip non existing resourceDirectory C:\gitrepo\mratdd\cukesatdd\src\test\resources
2021-06-25 14:48:57,562 [Worker-47] INFO  o.e.m.c.i.embedder.EclipseLogger - Using 'ISO-8859-1' encoding to copy filtered resources.
2021-06-25 14:48:57,564 [Worker-47] INFO  o.e.m.c.i.embedder.EclipseLogger - Copying 1 resource
2021-06-25 14:48:57,610 [Worker-47] INFO  o.e.m.c.i.embedder.EclipseLogger - Using 'ISO-8859-1' encoding to copy filtered resources.
2021-06-25 14:48:57,611 [Worker-47] INFO  o.e.m.c.i.embedder.EclipseLogger - skip non existing resourceDirectory C:\gitrepo\mratdd\cukesatdd\src\test\resources
2021-06-25 14:57:37,557 [Worker-55] INFO  o.e.m.c.i.embedder.EclipseLogger - Using 'ISO-8859-1' encoding to copy filtered resources.
2021-06-25 14:57:38,190 [Worker-55] INFO  o.e.m.c.i.embedder.EclipseLogger - Copying 537 resources
2021-06-25 14:57:40,327 [Worker-55] INFO  o.e.m.c.i.embedder.EclipseLogger - Using 'ISO-8859-1' encoding to copy filtered resources.
2021-06-25 14:57:40,328 [Worker-55] INFO  o.e.m.c.i.embedder.EclipseLogger - skip non existing resourceDirectory C:\gitrepo\mratdd\cukesatdd\src\test\resources
2021-06-25 15:02:32,822 [Worker-61] INFO  o.e.m.c.i.embedder.EclipseLogger - Using 'ISO-8859-1' encoding to copy filtered resources.
2021-06-25 15:02:33,393 [Worker-61] INFO  o.e.m.c.i.embedder.EclipseLogger - Copying 537 resources
2021-06-25 15:02:35,181 [Worker-61] INFO  o.e.m.c.i.embedder.EclipseLogger - Using 'ISO-8859-1' encoding to copy filtered resources.
2021-06-25 15:02:35,181 [Worker-61] INFO  o.e.m.c.i.embedder.EclipseLogger - skip non existing resourceDirectory C:\gitrepo\mratdd\cukesatdd\src\test\resources
2021-06-25 16:34:48,994 [Worker-49] INFO  o.e.m.c.i.embedder.EclipseLogger - Using 'ISO-8859-1' encoding to copy filtered resources.
2021-06-25 16:34:48,998 [Worker-49] INFO  o.e.m.c.i.embedder.EclipseLogger - Copying 1 resource
2021-06-25 16:34:49,049 [Worker-49] INFO  o.e.m.c.i.embedder.EclipseLogger - Using 'ISO-8859-1' encoding to copy filtered resources.
2021-06-25 16:34:49,050 [Worker-49] INFO  o.e.m.c.i.embedder.EclipseLogger - skip non existing resourceDirectory C:\gitrepo\mratdd\cukesatdd\src\test\resources
2021-06-25 16:35:24,628 [Worker-49] INFO  o.e.m.c.i.embedder.EclipseLogger - Using 'ISO-8859-1' encoding to copy filtered resources.
2021-06-25 16:35:25,179 [Worker-49] INFO  o.e.m.c.i.embedder.EclipseLogger - Copying 537 resources
2021-06-25 16:35:27,480 [Worker-49] INFO  o.e.m.c.i.embedder.EclipseLogger - Using 'ISO-8859-1' encoding to copy filtered resources.
2021-06-25 16:35:27,481 [Worker-49] INFO  o.e.m.c.i.embedder.EclipseLogger - skip non existing resourceDirectory C:\gitrepo\mratdd\cukesatdd\src\test\resources
2021-06-25 17:12:09,342 [Worker-69] INFO  o.e.m.c.i.embedder.EclipseLogger - Using 'ISO-8859-1' encoding to copy filtered resources.
2021-06-25 17:12:09,925 [Worker-69] INFO  o.e.m.c.i.embedder.EclipseLogger - Copying 537 resources
2021-06-25 17:12:11,753 [Worker-69] INFO  o.e.m.c.i.embedder.EclipseLogger - Using 'ISO-8859-1' encoding to copy filtered resources.
2021-06-25 17:12:11,754 [Worker-69] INFO  o.e.m.c.i.embedder.EclipseLogger - skip non existing resourceDirectory C:\gitrepo\mratdd\cukesatdd\src\test\resources
2021-06-25 17:35:58,158 [Worker-65] INFO  o.e.m.c.i.embedder.EclipseLogger - Using 'ISO-8859-1' encoding to copy filtered resources.
2021-06-25 17:35:58,849 [Worker-65] INFO  o.e.m.c.i.embedder.EclipseLogger - Copying 537 resources
2021-06-25 17:36:01,509 [Worker-65] INFO  o.e.m.c.i.embedder.EclipseLogger - Using 'ISO-8859-1' encoding to copy filtered resources.
2021-06-25 17:36:01,511 [Worker-65] INFO  o.e.m.c.i.embedder.EclipseLogger - skip non existing resourceDirectory C:\gitrepo\mratdd\cukesatdd\src\test\resources
2021-06-25 17:36:53,156 [Worker-71] INFO  o.e.m.c.i.embedder.EclipseLogger - Using 'ISO-8859-1' encoding to copy filtered resources.
2021-06-25 17:36:53,832 [Worker-71] INFO  o.e.m.c.i.embedder.EclipseLogger - Copying 537 resources
2021-06-25 17:36:55,558 [Worker-71] INFO  o.e.m.c.i.embedder.EclipseLogger - Using 'ISO-8859-1' encoding to copy filtered resources.
2021-06-25 17:36:55,559 [Worker-71] INFO  o.e.m.c.i.embedder.EclipseLogger - skip non existing resourceDirectory C:\gitrepo\mratdd\cukesatdd\src\test\resources
2021-06-25 17:38:04,869 [Worker-68] INFO  o.e.m.c.i.embedder.EclipseLogger - Using 'ISO-8859-1' encoding to copy filtered resources.
2021-06-25 17:38:05,853 [Worker-68] INFO  o.e.m.c.i.embedder.EclipseLogger - Copying 537 resources
2021-06-25 17:38:08,044 [Worker-68] INFO  o.e.m.c.i.embedder.EclipseLogger - Using 'ISO-8859-1' encoding to copy filtered resources.
2021-06-25 17:38:08,045 [Worker-68] INFO  o.e.m.c.i.embedder.EclipseLogger - skip non existing resourceDirectory C:\gitrepo\mratdd\cukesatdd\src\test\resources
2021-06-25 17:39:02,483 [Worker-74] INFO  o.e.m.c.i.embedder.EclipseLogger - Using 'ISO-8859-1' encoding to copy filtered resources.
2021-06-25 17:39:03,036 [Worker-74] INFO  o.e.m.c.i.embedder.EclipseLogger - Copying 537 resources
2021-06-25 17:39:04,850 [Worker-74] INFO  o.e.m.c.i.embedder.EclipseLogger - Using 'ISO-8859-1' encoding to copy filtered resources.
2021-06-25 17:39:04,851 [Worker-74] INFO  o.e.m.c.i.embedder.EclipseLogger - skip non existing resourceDirectory C:\gitrepo\mratdd\cukesatdd\src\test\resources
2021-06-29 14:06:44,456 [Worker-3] INFO  c.g.t.t.d.PublishedGradleVersions - Gradle version information cache is out-of-date. Trying to update.
2021-06-29 14:07:44,189 [Worker-8] INFO  o.e.m.c.i.embedder.EclipseLogger - Using 'ISO-8859-1' encoding to copy filtered resources.
2021-06-29 14:07:44,230 [Worker-8] INFO  o.e.m.c.i.embedder.EclipseLogger - Copying 539 resources
2021-06-29 14:07:53,752 [Worker-8] INFO  o.e.m.c.i.embedder.EclipseLogger - Using 'ISO-8859-1' encoding to copy filtered resources.
2021-06-29 14:07:53,753 [Worker-8] INFO  o.e.m.c.i.embedder.EclipseLogger - skip non existing resourceDirectory C:\gitrepo\mratdd\cukesatdd\src\test\resources
2021-06-29 14:43:55,649 [Worker-28] INFO  o.e.m.c.i.embedder.EclipseLogger - Using 'ISO-8859-1' encoding to copy filtered resources.
2021-06-29 14:43:55,661 [Worker-28] INFO  o.e.m.c.i.embedder.EclipseLogger - Copying 1 resource
2021-06-29 14:43:55,702 [Worker-28] INFO  o.e.m.c.i.embedder.EclipseLogger - Using 'ISO-8859-1' encoding to copy filtered resources.
2021-06-29 14:43:55,703 [Worker-28] INFO  o.e.m.c.i.embedder.EclipseLogger - skip non existing resourceDirectory C:\gitrepo\mratdd\cukesatdd\src\test\resources
2021-06-29 14:47:25,749 [Worker-27] INFO  o.e.m.c.i.embedder.EclipseLogger - Using 'ISO-8859-1' encoding to copy filtered resources.
2021-06-29 14:47:25,750 [Worker-27] INFO  o.e.m.c.i.embedder.EclipseLogger - Copying 1 resource
2021-06-29 14:47:25,790 [Worker-27] INFO  o.e.m.c.i.embedder.EclipseLogger - Using 'ISO-8859-1' encoding to copy filtered resources.
2021-06-29 14:47:25,791 [Worker-27] INFO  o.e.m.c.i.embedder.EclipseLogger - skip non existing resourceDirectory C:\gitrepo\mratdd\cukesatdd\src\test\resources
2021-06-29 14:48:10,536 [Worker-32] INFO  o.e.m.c.i.embedder.EclipseLogger - Using 'ISO-8859-1' encoding to copy filtered resources.
2021-06-29 14:48:10,537 [Worker-32] INFO  o.e.m.c.i.embedder.EclipseLogger - Copying 1 resource
2021-06-29 14:48:10,575 [Worker-32] INFO  o.e.m.c.i.embedder.EclipseLogger - Using 'ISO-8859-1' encoding to copy filtered resources.
2021-06-29 14:48:10,576 [Worker-32] INFO  o.e.m.c.i.embedder.EclipseLogger - skip non existing resourceDirectory C:\gitrepo\mratdd\cukesatdd\src\test\resources
2021-06-29 14:48:28,187 [Worker-29] INFO  o.e.m.c.i.embedder.EclipseLogger - Using 'ISO-8859-1' encoding to copy filtered resources.
2021-06-29 14:48:28,188 [Worker-29] INFO  o.e.m.c.i.embedder.EclipseLogger - Copying 1 resource
2021-06-29 14:48:28,202 [Worker-29] INFO  o.e.m.c.i.embedder.EclipseLogger - Using 'ISO-8859-1' encoding to copy filtered resources.
2021-06-29 14:48:28,203 [Worker-29] INFO  o.e.m.c.i.embedder.EclipseLogger - skip non existing resourceDirectory C:\gitrepo\mratdd\cukesatdd\src\test\resources
2021-06-29 14:53:29,678 [Worker-29] INFO  o.e.m.c.i.embedder.EclipseLogger - Using 'ISO-8859-1' encoding to copy filtered resources.
2021-06-29 14:53:29,679 [Worker-29] INFO  o.e.m.c.i.embedder.EclipseLogger - Copying 1 resource
2021-06-29 14:53:29,724 [Worker-29] INFO  o.e.m.c.i.embedder.EclipseLogger - Using 'ISO-8859-1' encoding to copy filtered resources.
2021-06-29 14:53:29,725 [Worker-29] INFO  o.e.m.c.i.embedder.EclipseLogger - skip non existing resourceDirectory C:\gitrepo\mratdd\cukesatdd\src\test\resources
2021-06-29 14:54:54,775 [Worker-37] INFO  o.e.m.c.i.embedder.EclipseLogger - Using 'ISO-8859-1' encoding to copy filtered resources.
2021-06-29 14:54:54,776 [Worker-37] INFO  o.e.m.c.i.embedder.EclipseLogger - Copying 1 resource
2021-06-29 14:54:54,817 [Worker-37] INFO  o.e.m.c.i.embedder.EclipseLogger - Using 'ISO-8859-1' encoding to copy filtered resources.
2021-06-29 14:54:54,818 [Worker-37] INFO  o.e.m.c.i.embedder.EclipseLogger - skip non existing resourceDirectory C:\gitrepo\mratdd\cukesatdd\src\test\resources
2021-06-29 14:55:05,682 [Worker-33] INFO  o.e.m.c.i.embedder.EclipseLogger - Using 'ISO-8859-1' encoding to copy filtered resources.
2021-06-29 14:55:05,683 [Worker-33] INFO  o.e.m.c.i.embedder.EclipseLogger - Copying 1 resource
2021-06-29 14:55:05,698 [Worker-33] INFO  o.e.m.c.i.embedder.EclipseLogger - Using 'ISO-8859-1' encoding to copy filtered resources.
2021-06-29 14:55:05,698 [Worker-33] INFO  o.e.m.c.i.embedder.EclipseLogger - skip non existing resourceDirectory C:\gitrepo\mratdd\cukesatdd\src\test\resources
2021-06-29 14:57:23,542 [Worker-40] INFO  o.e.m.c.i.embedder.EclipseLogger - Using 'ISO-8859-1' encoding to copy filtered resources.
2021-06-29 14:57:23,543 [Worker-40] INFO  o.e.m.c.i.embedder.EclipseLogger - Copying 1 resource
2021-06-29 14:57:23,592 [Worker-40] INFO  o.e.m.c.i.embedder.EclipseLogger - Using 'ISO-8859-1' encoding to copy filtered resources.
2021-06-29 14:57:23,593 [Worker-40] INFO  o.e.m.c.i.embedder.EclipseLogger - skip non existing resourceDirectory C:\gitrepo\mratdd\cukesatdd\src\test\resources
2021-06-29 14:58:58,031 [Worker-38] INFO  o.e.m.c.i.embedder.EclipseLogger - Using 'ISO-8859-1' encoding to copy filtered resources.
2021-06-29 14:58:58,033 [Worker-38] INFO  o.e.m.c.i.embedder.EclipseLogger - Copying 1 resource
2021-06-29 14:58:58,079 [Worker-38] INFO  o.e.m.c.i.embedder.EclipseLogger - Using 'ISO-8859-1' encoding to copy filtered resources.
2021-06-29 14:58:58,080 [Worker-38] INFO  o.e.m.c.i.embedder.EclipseLogger - skip non existing resourceDirectory C:\gitrepo\mratdd\cukesatdd\src\test\resources
2021-06-29 15:51:51,430 [Worker-54] INFO  o.e.m.c.i.embedder.EclipseLogger - Using 'ISO-8859-1' encoding to copy filtered resources.
2021-06-29 15:51:51,435 [Worker-54] INFO  o.e.m.c.i.embedder.EclipseLogger - Copying 1 resource
2021-06-29 15:51:51,477 [Worker-54] INFO  o.e.m.c.i.embedder.EclipseLogger - Using 'ISO-8859-1' encoding to copy filtered resources.
2021-06-29 15:51:51,478 [Worker-54] INFO  o.e.m.c.i.embedder.EclipseLogger - skip non existing resourceDirectory C:\gitrepo\mratdd\cukesatdd\src\test\resources
2021-06-29 16:07:31,349 [Worker-59] INFO  o.e.m.c.i.embedder.EclipseLogger - Using 'ISO-8859-1' encoding to copy filtered resources.
2021-06-29 16:07:31,351 [Worker-59] INFO  o.e.m.c.i.embedder.EclipseLogger - Copying 1 resource
2021-06-29 16:07:31,401 [Worker-59] INFO  o.e.m.c.i.embedder.EclipseLogger - Using 'ISO-8859-1' encoding to copy filtered resources.
2021-06-29 16:07:31,401 [Worker-59] INFO  o.e.m.c.i.embedder.EclipseLogger - skip non existing resourceDirectory C:\gitrepo\mratdd\cukesatdd\src\test\resources
2021-06-29 16:07:37,091 [Worker-58] INFO  o.e.m.c.i.embedder.EclipseLogger - Using 'ISO-8859-1' encoding to copy filtered resources.
2021-06-29 16:07:37,091 [Worker-58] INFO  o.e.m.c.i.embedder.EclipseLogger - Copying 1 resource
2021-06-29 16:07:37,116 [Worker-58] INFO  o.e.m.c.i.embedder.EclipseLogger - Using 'ISO-8859-1' encoding to copy filtered resources.
2021-06-29 16:07:37,116 [Worker-58] INFO  o.e.m.c.i.embedder.EclipseLogger - skip non existing resourceDirectory C:\gitrepo\mratdd\cukesatdd\src\test\resources
2021-06-29 16:17:08,190 [Worker-65] INFO  o.e.m.c.i.embedder.EclipseLogger - Using 'ISO-8859-1' encoding to copy filtered resources.
2021-06-29 16:17:08,191 [Worker-65] INFO  o.e.m.c.i.embedder.EclipseLogger - Copying 1 resource
2021-06-29 16:17:08,233 [Worker-65] INFO  o.e.m.c.i.embedder.EclipseLogger - Using 'ISO-8859-1' encoding to copy filtered resources.
2021-06-29 16:17:08,236 [Worker-65] INFO  o.e.m.c.i.embedder.EclipseLogger - skip non existing resourceDirectory C:\gitrepo\mratdd\cukesatdd\src\test\resources
2021-06-29 16:24:40,335 [Worker-72] INFO  o.e.m.c.i.embedder.EclipseLogger - Using 'ISO-8859-1' encoding to copy filtered resources.
2021-06-29 16:24:40,336 [Worker-72] INFO  o.e.m.c.i.embedder.EclipseLogger - Copying 1 resource
2021-06-29 16:24:40,385 [Worker-72] INFO  o.e.m.c.i.embedder.EclipseLogger - Using 'ISO-8859-1' encoding to copy filtered resources.
2021-06-29 16:24:40,386 [Worker-72] INFO  o.e.m.c.i.embedder.EclipseLogger - skip non existing resourceDirectory C:\gitrepo\mratdd\cukesatdd\src\test\resources
2021-06-29 16:26:38,762 [Worker-72] INFO  o.e.m.c.i.embedder.EclipseLogger - Using 'ISO-8859-1' encoding to copy filtered resources.
2021-06-29 16:26:38,764 [Worker-72] INFO  o.e.m.c.i.embedder.EclipseLogger - Copying 1 resource
2021-06-29 16:26:38,808 [Worker-72] INFO  o.e.m.c.i.embedder.EclipseLogger - Using 'ISO-8859-1' encoding to copy filtered resources.
2021-06-29 16:26:38,810 [Worker-72] INFO  o.e.m.c.i.embedder.EclipseLogger - skip non existing resourceDirectory C:\gitrepo\mratdd\cukesatdd\src\test\resources
2021-06-29 16:27:14,882 [Worker-76] INFO  o.e.m.c.i.embedder.EclipseLogger - Using 'ISO-8859-1' encoding to copy filtered resources.
2021-06-29 16:27:14,883 [Worker-76] INFO  o.e.m.c.i.embedder.EclipseLogger - Copying 1 resource
2021-06-29 16:27:14,927 [Worker-76] INFO  o.e.m.c.i.embedder.EclipseLogger - Using 'ISO-8859-1' encoding to copy filtered resources.
2021-06-29 16:27:14,928 [Worker-76] INFO  o.e.m.c.i.embedder.EclipseLogger - skip non existing resourceDirectory C:\gitrepo\mratdd\cukesatdd\src\test\resources
2021-06-29 16:27:43,887 [Worker-76] INFO  o.e.m.c.i.embedder.EclipseLogger - Using 'ISO-8859-1' encoding to copy filtered resources.
2021-06-29 16:27:43,889 [Worker-76] INFO  o.e.m.c.i.embedder.EclipseLogger - Copying 1 resource
2021-06-29 16:27:43,912 [Worker-76] INFO  o.e.m.c.i.embedder.EclipseLogger - Using 'ISO-8859-1' encoding to copy filtered resources.
2021-06-29 16:27:43,913 [Worker-76] INFO  o.e.m.c.i.embedder.EclipseLogger - skip non existing resourceDirectory C:\gitrepo\mratdd\cukesatdd\src\test\resources
2021-06-29 16:32:33,975 [Worker-79] INFO  o.e.m.c.i.embedder.EclipseLogger - Using 'ISO-8859-1' encoding to copy filtered resources.
2021-06-29 16:32:33,976 [Worker-79] INFO  o.e.m.c.i.embedder.EclipseLogger - Copying 1 resource
2021-06-29 16:32:34,013 [Worker-79] INFO  o.e.m.c.i.embedder.EclipseLogger - Using 'ISO-8859-1' encoding to copy filtered resources.
2021-06-29 16:32:34,014 [Worker-79] INFO  o.e.m.c.i.embedder.EclipseLogger - skip non existing resourceDirectory C:\gitrepo\mratdd\cukesatdd\src\test\resources
2021-06-29 18:21:22,639 [Worker-92] INFO  o.e.m.c.i.embedder.EclipseLogger - Using 'ISO-8859-1' encoding to copy filtered resources.
2021-06-29 18:21:22,644 [Worker-92] INFO  o.e.m.c.i.embedder.EclipseLogger - Copying 1 resource
2021-06-29 18:21:22,702 [Worker-92] INFO  o.e.m.c.i.embedder.EclipseLogger - Using 'ISO-8859-1' encoding to copy filtered resources.
2021-06-29 18:21:22,703 [Worker-92] INFO  o.e.m.c.i.embedder.EclipseLogger - skip non existing resourceDirectory C:\gitrepo\mratdd\cukesatdd\src\test\resources
2021-06-29 18:28:59,620 [Worker-97] INFO  o.e.m.c.i.embedder.EclipseLogger - Using 'ISO-8859-1' encoding to copy filtered resources.
2021-06-29 18:28:59,620 [Worker-97] INFO  o.e.m.c.i.embedder.EclipseLogger - Copying 1 resource
2021-06-29 18:28:59,671 [Worker-97] INFO  o.e.m.c.i.embedder.EclipseLogger - Using 'ISO-8859-1' encoding to copy filtered resources.
2021-06-29 18:28:59,672 [Worker-97] INFO  o.e.m.c.i.embedder.EclipseLogger - skip non existing resourceDirectory C:\gitrepo\mratdd\cukesatdd\src\test\resources
2021-06-29 18:33:35,851 [Worker-101] INFO  o.e.m.c.i.embedder.EclipseLogger - Using 'ISO-8859-1' encoding to copy filtered resources.
2021-06-29 18:33:35,852 [Worker-101] INFO  o.e.m.c.i.embedder.EclipseLogger - Copying 1 resource
2021-06-29 18:33:35,891 [Worker-101] INFO  o.e.m.c.i.embedder.EclipseLogger - Using 'ISO-8859-1' encoding to copy filtered resources.
2021-06-29 18:33:35,891 [Worker-101] INFO  o.e.m.c.i.embedder.EclipseLogger - skip non existing resourceDirectory C:\gitrepo\mratdd\cukesatdd\src\test\resources
2021-06-29 18:39:18,328 [Worker-104] INFO  o.e.m.c.i.embedder.EclipseLogger - Using 'ISO-8859-1' encoding to copy filtered resources.
2021-06-29 18:39:18,330 [Worker-104] INFO  o.e.m.c.i.embedder.EclipseLogger - Copying 1 resource
2021-06-29 18:39:18,378 [Worker-104] INFO  o.e.m.c.i.embedder.EclipseLogger - Using 'ISO-8859-1' encoding to copy filtered resources.
2021-06-29 18:39:18,379 [Worker-104] INFO  o.e.m.c.i.embedder.EclipseLogger - skip non existing resourceDirectory C:\gitrepo\mratdd\cukesatdd\src\test\resources
2021-06-30 11:55:39,310 [Worker-3] INFO  c.g.t.t.d.PublishedGradleVersions - Gradle version information cache is up-to-date. Trying to read.
2021-06-30 11:56:31,343 [Worker-19] INFO  o.e.m.c.i.embedder.EclipseLogger - Using 'ISO-8859-1' encoding to copy filtered resources.
2021-06-30 11:56:31,373 [Worker-19] INFO  o.e.m.c.i.embedder.EclipseLogger - Copying 539 resources
2021-06-30 11:56:43,130 [Worker-19] INFO  o.e.m.c.i.embedder.EclipseLogger - Using 'ISO-8859-1' encoding to copy filtered resources.
2021-06-30 11:56:43,131 [Worker-19] INFO  o.e.m.c.i.embedder.EclipseLogger - skip non existing resourceDirectory C:\gitrepo\mratdd\cukesatdd\src\test\resources
2021-06-30 12:00:59,655 [Worker-20] INFO  o.e.m.c.i.embedder.EclipseLogger - Using 'ISO-8859-1' encoding to copy filtered resources.
2021-06-30 12:00:59,662 [Worker-20] INFO  o.e.m.c.i.embedder.EclipseLogger - Copying 1 resource
2021-06-30 12:00:59,706 [Worker-20] INFO  o.e.m.c.i.embedder.EclipseLogger - Using 'ISO-8859-1' encoding to copy filtered resources.
2021-06-30 12:00:59,706 [Worker-20] INFO  o.e.m.c.i.embedder.EclipseLogger - skip non existing resourceDirectory C:\gitrepo\mratdd\cukesatdd\src\test\resources
2021-06-30 12:05:15,954 [Worker-20] INFO  o.e.m.c.i.embedder.EclipseLogger - Using 'ISO-8859-1' encoding to copy filtered resources.
2021-06-30 12:05:15,955 [Worker-20] INFO  o.e.m.c.i.embedder.EclipseLogger - Copying 1 resource
2021-06-30 12:05:16,000 [Worker-20] INFO  o.e.m.c.i.embedder.EclipseLogger - Using 'ISO-8859-1' encoding to copy filtered resources.
2021-06-30 12:05:16,001 [Worker-20] INFO  o.e.m.c.i.embedder.EclipseLogger - skip non existing resourceDirectory C:\gitrepo\mratdd\cukesatdd\src\test\resources
2021-06-30 12:58:17,427 [Worker-32] INFO  o.e.m.c.i.embedder.EclipseLogger - Using 'ISO-8859-1' encoding to copy filtered resources.
2021-06-30 12:58:17,429 [Worker-32] INFO  o.e.m.c.i.embedder.EclipseLogger - Copying 0 resource
2021-06-30 12:58:17,440 [Worker-32] INFO  o.e.m.c.i.embedder.EclipseLogger - Using 'ISO-8859-1' encoding to copy filtered resources.
2021-06-30 12:58:17,441 [Worker-32] INFO  o.e.m.c.i.embedder.EclipseLogger - skip non existing resourceDirectory C:\gitrepo\mratdd\cukesatdd\src\test\resources
2021-06-30 12:58:25,212 [Worker-31] INFO  o.e.m.c.i.embedder.EclipseLogger - Using 'ISO-8859-1' encoding to copy filtered resources.
2021-06-30 12:58:25,214 [Worker-31] INFO  o.e.m.c.i.embedder.EclipseLogger - Copying 0 resource
2021-06-30 12:58:25,225 [Worker-31] INFO  o.e.m.c.i.embedder.EclipseLogger - Using 'ISO-8859-1' encoding to copy filtered resources.
2021-06-30 12:58:25,226 [Worker-31] INFO  o.e.m.c.i.embedder.EclipseLogger - skip non existing resourceDirectory C:\gitrepo\mratdd\cukesatdd\src\test\resources
2021-06-30 13:18:50,173 [Worker-40] INFO  o.e.m.c.i.embedder.EclipseLogger - Using 'ISO-8859-1' encoding to copy filtered resources.
2021-06-30 13:18:50,174 [Worker-40] INFO  o.e.m.c.i.embedder.EclipseLogger - Copying 1 resource
2021-06-30 13:18:50,215 [Worker-40] INFO  o.e.m.c.i.embedder.EclipseLogger - Using 'ISO-8859-1' encoding to copy filtered resources.
2021-06-30 13:18:50,216 [Worker-40] INFO  o.e.m.c.i.embedder.EclipseLogger - skip non existing resourceDirectory C:\gitrepo\mratdd\cukesatdd\src\test\resources
2021-06-30 13:34:59,629 [Worker-50] INFO  o.e.m.c.i.embedder.EclipseLogger - Using 'ISO-8859-1' encoding to copy filtered resources.
2021-06-30 13:34:59,630 [Worker-50] INFO  o.e.m.c.i.embedder.EclipseLogger - Copying 1 resource
2021-06-30 13:34:59,668 [Worker-50] INFO  o.e.m.c.i.embedder.EclipseLogger - Using 'ISO-8859-1' encoding to copy filtered resources.
2021-06-30 13:34:59,669 [Worker-50] INFO  o.e.m.c.i.embedder.EclipseLogger - skip non existing resourceDirectory C:\gitrepo\mratdd\cukesatdd\src\test\resources
2021-06-30 13:35:02,471 [Worker-49] INFO  o.e.m.c.i.embedder.EclipseLogger - Using 'ISO-8859-1' encoding to copy filtered resources.
2021-06-30 13:35:02,473 [Worker-49] INFO  o.e.m.c.i.embedder.EclipseLogger - Copying 1 resource
2021-06-30 13:35:02,485 [Worker-49] INFO  o.e.m.c.i.embedder.EclipseLogger - Using 'ISO-8859-1' encoding to copy filtered resources.
2021-06-30 13:35:02,486 [Worker-49] INFO  o.e.m.c.i.embedder.EclipseLogger - skip non existing resourceDirectory C:\gitrepo\mratdd\cukesatdd\src\test\resources
2021-06-30 13:40:02,425 [Worker-50] INFO  o.e.m.c.i.embedder.EclipseLogger - Using 'ISO-8859-1' encoding to copy filtered resources.
2021-06-30 13:40:02,426 [Worker-50] INFO  o.e.m.c.i.embedder.EclipseLogger - Copying 1 resource
2021-06-30 13:40:02,483 [Worker-50] INFO  o.e.m.c.i.embedder.EclipseLogger - Using 'ISO-8859-1' encoding to copy filtered resources.
2021-06-30 13:40:02,483 [Worker-50] INFO  o.e.m.c.i.embedder.EclipseLogger - skip non existing resourceDirectory C:\gitrepo\mratdd\cukesatdd\src\test\resources
2021-06-30 13:40:46,665 [Worker-50] INFO  o.e.m.c.i.embedder.EclipseLogger - Using 'ISO-8859-1' encoding to copy filtered resources.
2021-06-30 13:40:46,667 [Worker-50] INFO  o.e.m.c.i.embedder.EclipseLogger - Copying 2 resources
2021-06-30 13:40:46,726 [Worker-50] INFO  o.e.m.c.i.embedder.EclipseLogger - Using 'ISO-8859-1' encoding to copy filtered resources.
2021-06-30 13:40:46,727 [Worker-50] INFO  o.e.m.c.i.embedder.EclipseLogger - skip non existing resourceDirectory C:\gitrepo\mratdd\cukesatdd\src\test\resources
2021-06-30 13:41:22,850 [Worker-50] INFO  o.e.m.c.i.embedder.EclipseLogger - Using 'ISO-8859-1' encoding to copy filtered resources.
2021-06-30 13:41:22,851 [Worker-50] INFO  o.e.m.c.i.embedder.EclipseLogger - Copying 2 resources
2021-06-30 13:41:22,902 [Worker-50] INFO  o.e.m.c.i.embedder.EclipseLogger - Using 'ISO-8859-1' encoding to copy filtered resources.
2021-06-30 13:41:22,902 [Worker-50] INFO  o.e.m.c.i.embedder.EclipseLogger - skip non existing resourceDirectory C:\gitrepo\mratdd\cukesatdd\src\test\resources
2021-06-30 13:41:39,109 [Worker-51] INFO  o.e.m.c.i.embedder.EclipseLogger - Using 'ISO-8859-1' encoding to copy filtered resources.
2021-06-30 13:41:39,110 [Worker-51] INFO  o.e.m.c.i.embedder.EclipseLogger - Copying 1 resource
2021-06-30 13:41:39,159 [Worker-51] INFO  o.e.m.c.i.embedder.EclipseLogger - Using 'ISO-8859-1' encoding to copy filtered resources.
2021-06-30 13:41:39,159 [Worker-51] INFO  o.e.m.c.i.embedder.EclipseLogger - skip non existing resourceDirectory C:\gitrepo\mratdd\cukesatdd\src\test\resources
2021-06-30 13:42:40,324 [Worker-45] INFO  o.e.m.c.i.embedder.EclipseLogger - Using 'ISO-8859-1' encoding to copy filtered resources.
2021-06-30 13:42:40,325 [Worker-45] INFO  o.e.m.c.i.embedder.EclipseLogger - Copying 1 resource
2021-06-30 13:42:40,371 [Worker-45] INFO  o.e.m.c.i.embedder.EclipseLogger - Using 'ISO-8859-1' encoding to copy filtered resources.
2021-06-30 13:42:40,371 [Worker-45] INFO  o.e.m.c.i.embedder.EclipseLogger - skip non existing resourceDirectory C:\gitrepo\mratdd\cukesatdd\src\test\resources
2021-06-30 13:42:55,607 [Worker-49] INFO  o.e.m.c.i.embedder.EclipseLogger - Using 'ISO-8859-1' encoding to copy filtered resources.
2021-06-30 13:42:55,608 [Worker-49] INFO  o.e.m.c.i.embedder.EclipseLogger - Copying 2 resources
2021-06-30 13:42:55,673 [Worker-49] INFO  o.e.m.c.i.embedder.EclipseLogger - Using 'ISO-8859-1' encoding to copy filtered resources.
2021-06-30 13:42:55,673 [Worker-49] INFO  o.e.m.c.i.embedder.EclipseLogger - skip non existing resourceDirectory C:\gitrepo\mratdd\cukesatdd\src\test\resources
2021-06-30 13:43:09,331 [Worker-50] INFO  o.e.m.c.i.embedder.EclipseLogger - Using 'ISO-8859-1' encoding to copy filtered resources.
2021-06-30 13:43:09,331 [Worker-50] INFO  o.e.m.c.i.embedder.EclipseLogger - Copying 2 resources
2021-06-30 13:43:09,384 [Worker-50] INFO  o.e.m.c.i.embedder.EclipseLogger - Using 'ISO-8859-1' encoding to copy filtered resources.
2021-06-30 13:43:09,385 [Worker-50] INFO  o.e.m.c.i.embedder.EclipseLogger - skip non existing resourceDirectory C:\gitrepo\mratdd\cukesatdd\src\test\resources
2021-06-30 13:43:27,194 [Worker-50] INFO  o.e.m.c.i.embedder.EclipseLogger - Using 'ISO-8859-1' encoding to copy filtered resources.
2021-06-30 13:43:27,195 [Worker-50] INFO  o.e.m.c.i.embedder.EclipseLogger - Copying 2 resources
2021-06-30 13:43:27,252 [Worker-50] INFO  o.e.m.c.i.embedder.EclipseLogger - Using 'ISO-8859-1' encoding to copy filtered resources.
2021-06-30 13:43:27,253 [Worker-50] INFO  o.e.m.c.i.embedder.EclipseLogger - skip non existing resourceDirectory C:\gitrepo\mratdd\cukesatdd\src\test\resources
2021-06-30 13:45:50,026 [Worker-45] INFO  o.e.m.c.i.embedder.EclipseLogger - Using 'ISO-8859-1' encoding to copy filtered resources.
2021-06-30 13:45:50,027 [Worker-45] INFO  o.e.m.c.i.embedder.EclipseLogger - Copying 1 resource
2021-06-30 13:45:50,065 [Worker-45] INFO  o.e.m.c.i.embedder.EclipseLogger - Using 'ISO-8859-1' encoding to copy filtered resources.
2021-06-30 13:45:50,066 [Worker-45] INFO  o.e.m.c.i.embedder.EclipseLogger - skip non existing resourceDirectory C:\gitrepo\mratdd\cukesatdd\src\test\resources
2021-06-30 13:49:16,829 [Worker-40] INFO  o.e.m.c.i.embedder.EclipseLogger - Using 'ISO-8859-1' encoding to copy filtered resources.
2021-06-30 13:49:16,831 [Worker-40] INFO  o.e.m.c.i.embedder.EclipseLogger - Copying 1 resource
2021-06-30 13:49:16,881 [Worker-40] INFO  o.e.m.c.i.embedder.EclipseLogger - Using 'ISO-8859-1' encoding to copy filtered resources.
2021-06-30 13:49:16,881 [Worker-40] INFO  o.e.m.c.i.embedder.EclipseLogger - skip non existing resourceDirectory C:\gitrepo\mratdd\cukesatdd\src\test\resources
2021-06-30 13:54:50,719 [Worker-0] INFO  c.g.t.t.d.PublishedGradleVersions - Gradle version information cache is up-to-date. Trying to read.
2021-06-30 13:55:13,334 [Worker-6] INFO  o.e.m.c.i.embedder.EclipseLogger - Using 'ISO-8859-1' encoding to copy filtered resources.
2021-06-30 13:55:13,375 [Worker-6] INFO  o.e.m.c.i.embedder.EclipseLogger - Copying 537 resources
2021-06-30 13:55:15,181 [Worker-6] INFO  o.e.m.c.i.embedder.EclipseLogger - Using 'ISO-8859-1' encoding to copy filtered resources.
2021-06-30 13:55:15,182 [Worker-6] INFO  o.e.m.c.i.embedder.EclipseLogger - skip non existing resourceDirectory C:\gitrepo\mratdd\cukesatdd\src\test\resources
2021-06-30 14:27:08,560 [Worker-18] INFO  o.e.m.c.i.embedder.EclipseLogger - Using 'ISO-8859-1' encoding to copy filtered resources.
2021-06-30 14:27:08,568 [Worker-18] INFO  o.e.m.c.i.embedder.EclipseLogger - Copying 1 resource
2021-06-30 14:27:08,624 [Worker-18] INFO  o.e.m.c.i.embedder.EclipseLogger - Using 'ISO-8859-1' encoding to copy filtered resources.
2021-06-30 14:27:08,624 [Worker-18] INFO  o.e.m.c.i.embedder.EclipseLogger - skip non existing resourceDirectory C:\gitrepo\mratdd\cukesatdd\src\test\resources
2021-06-30 14:27:18,830 [Worker-22] INFO  o.e.m.c.i.embedder.EclipseLogger - Using 'ISO-8859-1' encoding to copy filtered resources.
2021-06-30 14:27:18,835 [Worker-22] INFO  o.e.m.c.i.embedder.EclipseLogger - Copying 1 resource
2021-06-30 14:27:18,847 [Worker-22] INFO  o.e.m.c.i.embedder.EclipseLogger - Using 'ISO-8859-1' encoding to copy filtered resources.
2021-06-30 14:27:18,847 [Worker-22] INFO  o.e.m.c.i.embedder.EclipseLogger - skip non existing resourceDirectory C:\gitrepo\mratdd\cukesatdd\src\test\resources
2021-06-30 14:33:28,925 [Worker-23] INFO  o.e.m.c.i.embedder.EclipseLogger - Using 'ISO-8859-1' encoding to copy filtered resources.
2021-06-30 14:33:28,926 [Worker-23] INFO  o.e.m.c.i.embedder.EclipseLogger - Copying 0 resource
2021-06-30 14:33:28,938 [Worker-23] INFO  o.e.m.c.i.embedder.EclipseLogger - Using 'ISO-8859-1' encoding to copy filtered resources.
2021-06-30 14:33:28,938 [Worker-23] INFO  o.e.m.c.i.embedder.EclipseLogger - skip non existing resourceDirectory C:\gitrepo\mratdd\cukesatdd\src\test\resources
2021-06-30 15:03:15,432 [Worker-36] WARN  o.e.r.models.ModelRepository - Failed to download org.eclipse.recommenders:index::zip:0.0.0
org.eclipse.aether.resolution.ArtifactResolutionException: Could not find artifact org.eclipse.recommenders:index:zip:0.0.0-SNAPSHOT in models (http://download.eclipse.org/recommenders/models/oxygen/)
	at org.eclipse.aether.internal.impl.DefaultArtifactResolver.resolve(DefaultArtifactResolver.java:453) ~[na:na]
	at org.eclipse.aether.internal.impl.DefaultArtifactResolver.resolveArtifacts(DefaultArtifactResolver.java:255) ~[na:na]
	at org.eclipse.aether.internal.impl.DefaultArtifactResolver.resolveArtifact(DefaultArtifactResolver.java:232) ~[na:na]
	at org.eclipse.aether.internal.impl.DefaultRepositorySystem.resolveArtifact(DefaultRepositorySystem.java:303) ~[na:na]
	at org.eclipse.recommenders.models.ModelRepository.resolveInternal(ModelRepository.java:193) [org.eclipse.recommenders.models_2.5.2.v20180401-1226.jar:na]
	at org.eclipse.recommenders.models.ModelRepository.resolve(ModelRepository.java:172) [org.eclipse.recommenders.models_2.5.2.v20180401-1226.jar:na]
	at org.eclipse.recommenders.internal.models.rcp.EclipseModelRepository.resolve(EclipseModelRepository.java:168) [org.eclipse.recommenders.models.rcp_2.5.2.v20180401-1226.jar:na]
	at org.eclipse.recommenders.internal.models.rcp.DownloadModelArchiveJob.run(DownloadModelArchiveJob.java:76) [org.eclipse.recommenders.models.rcp_2.5.2.v20180401-1226.jar:na]
	at org.eclipse.core.internal.jobs.Worker.run(Worker.java:56) [org.eclipse.core.jobs_3.9.3.v20180115-1757.jar:na]
Caused by: org.eclipse.aether.transfer.ArtifactNotFoundException: Could not find artifact org.eclipse.recommenders:index:zip:0.0.0-SNAPSHOT in models (http://download.eclipse.org/recommenders/models/oxygen/)
	at org.eclipse.aether.connector.basic.ArtifactTransportListener.transferFailed(ArtifactTransportListener.java:48) ~[org.apache.maven.resolver.connector.basic_1.0.3.v20170405-0725.jar:1.0.3]
	at org.eclipse.aether.connector.basic.BasicRepositoryConnector$TaskRunner.run(BasicRepositoryConnector.java:364) ~[org.apache.maven.resolver.connector.basic_1.0.3.v20170405-0725.jar:1.0.3]
	at org.eclipse.aether.util.concurrency.RunnableErrorForwarder$1.run(RunnableErrorForwarder.java:76) ~[na:na]
	at org.eclipse.aether.connector.basic.BasicRepositoryConnector$DirectExecutor.execute(BasicRepositoryConnector.java:590) ~[org.apache.maven.resolver.connector.basic_1.0.3.v20170405-0725.jar:1.0.3]
	at org.eclipse.aether.connector.basic.BasicRepositoryConnector.get(BasicRepositoryConnector.java:258) ~[org.apache.maven.resolver.connector.basic_1.0.3.v20170405-0725.jar:1.0.3]
	at org.eclipse.aether.internal.impl.DefaultArtifactResolver.performDownloads(DefaultArtifactResolver.java:529) ~[na:na]
	at org.eclipse.aether.internal.impl.DefaultArtifactResolver.resolve(DefaultArtifactResolver.java:430) ~[na:na]
	... 8 common frames omitted
2021-06-30 15:06:41,203 [Worker-31] INFO  o.e.m.c.i.embedder.EclipseLogger - Using 'ISO-8859-1' encoding to copy filtered resources.
2021-06-30 15:06:41,895 [Worker-31] INFO  o.e.m.c.i.embedder.EclipseLogger - Copying 536 resources
2021-06-30 15:06:43,932 [Worker-31] INFO  o.e.m.c.i.embedder.EclipseLogger - Using 'ISO-8859-1' encoding to copy filtered resources.
2021-06-30 15:06:43,932 [Worker-31] INFO  o.e.m.c.i.embedder.EclipseLogger - skip non existing resourceDirectory C:\gitrepo\mratdd\cukesatdd\src\test\resources
2021-06-30 15:27:32,638 [Worker-42] INFO  o.e.m.c.i.embedder.EclipseLogger - Using 'ISO-8859-1' encoding to copy filtered resources.
2021-06-30 15:27:33,207 [Worker-42] INFO  o.e.m.c.i.embedder.EclipseLogger - Copying 536 resources
2021-06-30 15:27:35,229 [Worker-42] INFO  o.e.m.c.i.embedder.EclipseLogger - Using 'ISO-8859-1' encoding to copy filtered resources.
2021-06-30 15:27:35,230 [Worker-42] INFO  o.e.m.c.i.embedder.EclipseLogger - skip non existing resourceDirectory C:\gitrepo\mratdd\cukesatdd\src\test\resources
2021-06-30 19:05:36,499 [Worker-96] INFO  o.e.m.c.i.embedder.EclipseLogger - Using 'ISO-8859-1' encoding to copy filtered resources.
2021-06-30 19:05:36,503 [Worker-96] INFO  o.e.m.c.i.embedder.EclipseLogger - Copying 1 resource
2021-06-30 19:05:36,583 [Worker-96] INFO  o.e.m.c.i.embedder.EclipseLogger - Using 'ISO-8859-1' encoding to copy filtered resources.
2021-06-30 19:05:36,584 [Worker-96] INFO  o.e.m.c.i.embedder.EclipseLogger - skip non existing resourceDirectory C:\gitrepo\mratdd\cukesatdd\src\test\resources
2021-06-30 19:07:32,066 [Worker-99] INFO  o.e.m.c.i.embedder.EclipseLogger - Using 'ISO-8859-1' encoding to copy filtered resources.
2021-06-30 19:07:32,068 [Worker-99] INFO  o.e.m.c.i.embedder.EclipseLogger - Copying 1 resource
2021-06-30 19:07:32,139 [Worker-99] INFO  o.e.m.c.i.embedder.EclipseLogger - Using 'ISO-8859-1' encoding to copy filtered resources.
2021-06-30 19:07:32,140 [Worker-99] INFO  o.e.m.c.i.embedder.EclipseLogger - skip non existing resourceDirectory C:\gitrepo\mratdd\cukesatdd\src\test\resources
2021-06-30 19:07:52,848 [Worker-102] INFO  o.e.m.c.i.embedder.EclipseLogger - Using 'ISO-8859-1' encoding to copy filtered resources.
2021-06-30 19:07:52,849 [Worker-102] INFO  o.e.m.c.i.embedder.EclipseLogger - Copying 1 resource
2021-06-30 19:07:52,889 [Worker-102] INFO  o.e.m.c.i.embedder.EclipseLogger - Using 'ISO-8859-1' encoding to copy filtered resources.
2021-06-30 19:07:52,890 [Worker-102] INFO  o.e.m.c.i.embedder.EclipseLogger - skip non existing resourceDirectory C:\gitrepo\mratdd\cukesatdd\src\test\resources
2021-06-30 19:09:37,628 [Worker-98] INFO  o.e.m.c.i.embedder.EclipseLogger - Using 'ISO-8859-1' encoding to copy filtered resources.
2021-06-30 19:09:37,629 [Worker-98] INFO  o.e.m.c.i.embedder.EclipseLogger - Copying 1 resource
2021-06-30 19:09:37,677 [Worker-98] INFO  o.e.m.c.i.embedder.EclipseLogger - Using 'ISO-8859-1' encoding to copy filtered resources.
2021-06-30 19:09:37,678 [Worker-98] INFO  o.e.m.c.i.embedder.EclipseLogger - skip non existing resourceDirectory C:\gitrepo\mratdd\cukesatdd\src\test\resources
2021-07-01 10:33:40,355 [Worker-5] INFO  c.g.t.t.d.PublishedGradleVersions - Gradle version information cache is out-of-date. Trying to update.
2021-07-01 10:34:43,007 [Worker-8] INFO  o.e.m.c.i.embedder.EclipseLogger - Using 'ISO-8859-1' encoding to copy filtered resources.
2021-07-01 10:34:43,049 [Worker-8] INFO  o.e.m.c.i.embedder.EclipseLogger - Copying 537 resources
2021-07-01 10:34:55,886 [Worker-8] INFO  o.e.m.c.i.embedder.EclipseLogger - Using 'ISO-8859-1' encoding to copy filtered resources.
2021-07-01 10:34:55,886 [Worker-8] INFO  o.e.m.c.i.embedder.EclipseLogger - skip non existing resourceDirectory C:\gitrepo\mratdd\cukesatdd\src\test\resources
2021-07-01 10:48:32,608 [Worker-17] WARN  o.e.r.models.ModelRepository - Failed to download org.eclipse.recommenders:index::zip:0.0.0
org.eclipse.aether.resolution.ArtifactResolutionException: Could not find artifact org.eclipse.recommenders:index:zip:0.0.0-SNAPSHOT in models (http://download.eclipse.org/recommenders/models/oxygen/)
	at org.eclipse.aether.internal.impl.DefaultArtifactResolver.resolve(DefaultArtifactResolver.java:453) ~[na:na]
	at org.eclipse.aether.internal.impl.DefaultArtifactResolver.resolveArtifacts(DefaultArtifactResolver.java:255) ~[na:na]
	at org.eclipse.aether.internal.impl.DefaultArtifactResolver.resolveArtifact(DefaultArtifactResolver.java:232) ~[na:na]
	at org.eclipse.aether.internal.impl.DefaultRepositorySystem.resolveArtifact(DefaultRepositorySystem.java:303) ~[na:na]
	at org.eclipse.recommenders.models.ModelRepository.resolveInternal(ModelRepository.java:193) [org.eclipse.recommenders.models_2.5.2.v20180401-1226.jar:na]
	at org.eclipse.recommenders.models.ModelRepository.resolve(ModelRepository.java:172) [org.eclipse.recommenders.models_2.5.2.v20180401-1226.jar:na]
	at org.eclipse.recommenders.internal.models.rcp.EclipseModelRepository.resolve(EclipseModelRepository.java:168) [org.eclipse.recommenders.models.rcp_2.5.2.v20180401-1226.jar:na]
	at org.eclipse.recommenders.internal.models.rcp.DownloadModelArchiveJob.run(DownloadModelArchiveJob.java:76) [org.eclipse.recommenders.models.rcp_2.5.2.v20180401-1226.jar:na]
	at org.eclipse.core.internal.jobs.Worker.run(Worker.java:56) [org.eclipse.core.jobs_3.9.3.v20180115-1757.jar:na]
Caused by: org.eclipse.aether.transfer.ArtifactNotFoundException: Could not find artifact org.eclipse.recommenders:index:zip:0.0.0-SNAPSHOT in models (http://download.eclipse.org/recommenders/models/oxygen/)
	at org.eclipse.aether.connector.basic.ArtifactTransportListener.transferFailed(ArtifactTransportListener.java:48) ~[org.apache.maven.resolver.connector.basic_1.0.3.v20170405-0725.jar:1.0.3]
	at org.eclipse.aether.connector.basic.BasicRepositoryConnector$TaskRunner.run(BasicRepositoryConnector.java:364) ~[org.apache.maven.resolver.connector.basic_1.0.3.v20170405-0725.jar:1.0.3]
	at org.eclipse.aether.util.concurrency.RunnableErrorForwarder$1.run(RunnableErrorForwarder.java:76) ~[na:na]
	at org.eclipse.aether.connector.basic.BasicRepositoryConnector$DirectExecutor.execute(BasicRepositoryConnector.java:590) ~[org.apache.maven.resolver.connector.basic_1.0.3.v20170405-0725.jar:1.0.3]
	at org.eclipse.aether.connector.basic.BasicRepositoryConnector.get(BasicRepositoryConnector.java:258) ~[org.apache.maven.resolver.connector.basic_1.0.3.v20170405-0725.jar:1.0.3]
	at org.eclipse.aether.internal.impl.DefaultArtifactResolver.performDownloads(DefaultArtifactResolver.java:529) ~[na:na]
	at org.eclipse.aether.internal.impl.DefaultArtifactResolver.resolve(DefaultArtifactResolver.java:430) ~[na:na]
	... 8 common frames omitted
2021-07-01 12:06:45,794 [Worker-35] INFO  o.e.m.c.i.embedder.EclipseLogger - Using 'ISO-8859-1' encoding to copy filtered resources.
2021-07-01 12:06:46,727 [Worker-35] INFO  o.e.m.c.i.embedder.EclipseLogger - Copying 537 resources
2021-07-01 12:06:48,666 [Worker-35] INFO  o.e.m.c.i.embedder.EclipseLogger - Using 'ISO-8859-1' encoding to copy filtered resources.
2021-07-01 12:06:48,666 [Worker-35] INFO  o.e.m.c.i.embedder.EclipseLogger - skip non existing resourceDirectory C:\gitrepo\mratdd\cukesatdd\src\test\resources
2021-07-01 12:07:16,007 [Worker-35] INFO  o.e.m.c.i.embedder.EclipseLogger - Using 'ISO-8859-1' encoding to copy filtered resources.
2021-07-01 12:07:16,605 [Worker-35] INFO  o.e.m.c.i.embedder.EclipseLogger - Copying 537 resources
2021-07-01 12:07:18,448 [Worker-35] INFO  o.e.m.c.i.embedder.EclipseLogger - Using 'ISO-8859-1' encoding to copy filtered resources.
2021-07-01 12:07:18,449 [Worker-35] INFO  o.e.m.c.i.embedder.EclipseLogger - skip non existing resourceDirectory C:\gitrepo\mratdd\cukesatdd\src\test\resources
2021-07-01 12:16:01,675 [Worker-35] INFO  o.e.m.c.i.embedder.EclipseLogger - Using 'ISO-8859-1' encoding to copy filtered resources.
2021-07-01 12:16:02,294 [Worker-35] INFO  o.e.m.c.i.embedder.EclipseLogger - Copying 537 resources
2021-07-01 12:16:04,374 [Worker-35] INFO  o.e.m.c.i.embedder.EclipseLogger - Using 'ISO-8859-1' encoding to copy filtered resources.
2021-07-01 12:16:04,374 [Worker-35] INFO  o.e.m.c.i.embedder.EclipseLogger - skip non existing resourceDirectory C:\gitrepo\mratdd\cukesatdd\src\test\resources
2021-07-01 12:16:07,526 [Worker-40] INFO  o.e.m.c.i.embedder.EclipseLogger - Using 'ISO-8859-1' encoding to copy filtered resources.
2021-07-01 12:16:08,150 [Worker-40] INFO  o.e.m.c.i.embedder.EclipseLogger - Copying 537 resources
2021-07-01 12:16:10,100 [Worker-40] INFO  o.e.m.c.i.embedder.EclipseLogger - Using 'ISO-8859-1' encoding to copy filtered resources.
2021-07-01 12:16:10,101 [Worker-40] INFO  o.e.m.c.i.embedder.EclipseLogger - skip non existing resourceDirectory C:\gitrepo\mratdd\cukesatdd\src\test\resources
2021-07-01 12:41:48,466 [Worker-49] INFO  o.e.m.c.i.embedder.EclipseLogger - Using 'ISO-8859-1' encoding to copy filtered resources.
2021-07-01 12:41:49,088 [Worker-49] INFO  o.e.m.c.i.embedder.EclipseLogger - Copying 537 resources
2021-07-01 12:41:50,933 [Worker-49] INFO  o.e.m.c.i.embedder.EclipseLogger - Using 'ISO-8859-1' encoding to copy filtered resources.
2021-07-01 12:41:50,933 [Worker-49] INFO  o.e.m.c.i.embedder.EclipseLogger - skip non existing resourceDirectory C:\gitrepo\mratdd\cukesatdd\src\test\resources
2021-07-01 13:03:24,326 [Worker-60] INFO  o.e.m.c.i.embedder.EclipseLogger - Using 'ISO-8859-1' encoding to copy filtered resources.
2021-07-01 13:03:24,909 [Worker-60] INFO  o.e.m.c.i.embedder.EclipseLogger - Copying 537 resources
2021-07-01 13:03:26,761 [Worker-60] INFO  o.e.m.c.i.embedder.EclipseLogger - Using 'ISO-8859-1' encoding to copy filtered resources.
2021-07-01 13:03:26,762 [Worker-60] INFO  o.e.m.c.i.embedder.EclipseLogger - skip non existing resourceDirectory C:\gitrepo\mratdd\cukesatdd\src\test\resources
2021-07-01 13:03:40,558 [Worker-62] INFO  o.e.m.c.i.embedder.EclipseLogger - Using 'ISO-8859-1' encoding to copy filtered resources.
2021-07-01 13:03:41,148 [Worker-62] INFO  o.e.m.c.i.embedder.EclipseLogger - Copying 537 resources
2021-07-01 13:03:43,048 [Worker-62] INFO  o.e.m.c.i.embedder.EclipseLogger - Using 'ISO-8859-1' encoding to copy filtered resources.
2021-07-01 13:03:43,049 [Worker-62] INFO  o.e.m.c.i.embedder.EclipseLogger - skip non existing resourceDirectory C:\gitrepo\mratdd\cukesatdd\src\test\resources
2021-07-01 13:04:10,336 [Worker-62] INFO  o.e.m.c.i.embedder.EclipseLogger - Using 'ISO-8859-1' encoding to copy filtered resources.
2021-07-01 13:04:10,997 [Worker-62] INFO  o.e.m.c.i.embedder.EclipseLogger - Copying 537 resources
2021-07-01 13:04:12,796 [Worker-62] INFO  o.e.m.c.i.embedder.EclipseLogger - Using 'ISO-8859-1' encoding to copy filtered resources.
2021-07-01 13:04:12,797 [Worker-62] INFO  o.e.m.c.i.embedder.EclipseLogger - skip non existing resourceDirectory C:\gitrepo\mratdd\cukesatdd\src\test\resources
2021-07-01 13:04:18,566 [Worker-55] INFO  o.e.m.c.i.embedder.EclipseLogger - Using 'ISO-8859-1' encoding to copy filtered resources.
2021-07-01 13:04:18,574 [Worker-55] INFO  o.e.m.c.i.embedder.EclipseLogger - Copying 1 resource
2021-07-01 13:04:18,619 [Worker-55] INFO  o.e.m.c.i.embedder.EclipseLogger - Using 'ISO-8859-1' encoding to copy filtered resources.
2021-07-01 13:04:18,620 [Worker-55] INFO  o.e.m.c.i.embedder.EclipseLogger - skip non existing resourceDirectory C:\gitrepo\mratdd\cukesatdd\src\test\resources
2021-07-01 13:05:25,352 [Worker-60] INFO  o.e.m.c.i.embedder.EclipseLogger - Using 'ISO-8859-1' encoding to copy filtered resources.
2021-07-01 13:05:25,353 [Worker-60] INFO  o.e.m.c.i.embedder.EclipseLogger - Copying 1 resource
2021-07-01 13:05:25,398 [Worker-60] INFO  o.e.m.c.i.embedder.EclipseLogger - Using 'ISO-8859-1' encoding to copy filtered resources.
2021-07-01 13:05:25,399 [Worker-60] INFO  o.e.m.c.i.embedder.EclipseLogger - skip non existing resourceDirectory C:\gitrepo\mratdd\cukesatdd\src\test\resources
2021-07-01 13:39:48,434 [Worker-70] INFO  o.e.m.c.i.embedder.EclipseLogger - Using 'ISO-8859-1' encoding to copy filtered resources.
2021-07-01 13:39:48,437 [Worker-70] INFO  o.e.m.c.i.embedder.EclipseLogger - Copying 1 resource
2021-07-01 13:39:48,484 [Worker-70] INFO  o.e.m.c.i.embedder.EclipseLogger - Using 'ISO-8859-1' encoding to copy filtered resources.
2021-07-01 13:39:48,485 [Worker-70] INFO  o.e.m.c.i.embedder.EclipseLogger - skip non existing resourceDirectory C:\gitrepo\mratdd\cukesatdd\src\test\resources
2021-07-01 14:32:14,641 [Worker-80] INFO  o.e.m.c.i.embedder.EclipseLogger - Using 'ISO-8859-1' encoding to copy filtered resources.
2021-07-01 14:32:14,644 [Worker-80] INFO  o.e.m.c.i.embedder.EclipseLogger - Copying 1 resource
2021-07-01 14:32:14,686 [Worker-80] INFO  o.e.m.c.i.embedder.EclipseLogger - Using 'ISO-8859-1' encoding to copy filtered resources.
2021-07-01 14:32:14,687 [Worker-80] INFO  o.e.m.c.i.embedder.EclipseLogger - skip non existing resourceDirectory C:\gitrepo\mratdd\cukesatdd\src\test\resources
2021-07-01 14:47:45,199 [Worker-83] INFO  o.e.m.c.i.embedder.EclipseLogger - Using 'ISO-8859-1' encoding to copy filtered resources.
2021-07-01 14:47:45,903 [Worker-83] INFO  o.e.m.c.i.embedder.EclipseLogger - Copying 537 resources
2021-07-01 14:47:47,737 [Worker-83] INFO  o.e.m.c.i.embedder.EclipseLogger - Using 'ISO-8859-1' encoding to copy filtered resources.
2021-07-01 14:47:47,738 [Worker-83] INFO  o.e.m.c.i.embedder.EclipseLogger - skip non existing resourceDirectory C:\gitrepo\mratdd\cukesatdd\src\test\resources
2021-07-01 14:47:52,995 [Worker-84] INFO  o.e.m.c.i.embedder.EclipseLogger - Using 'ISO-8859-1' encoding to copy filtered resources.
2021-07-01 14:47:52,996 [Worker-84] INFO  o.e.m.c.i.embedder.EclipseLogger - Copying 1 resource
2021-07-01 14:47:53,036 [Worker-84] INFO  o.e.m.c.i.embedder.EclipseLogger - Using 'ISO-8859-1' encoding to copy filtered resources.
2021-07-01 14:47:53,036 [Worker-84] INFO  o.e.m.c.i.embedder.EclipseLogger - skip non existing resourceDirectory C:\gitrepo\mratdd\cukesatdd\src\test\resources
2021-07-01 14:52:16,158 [Worker-87] INFO  o.e.m.c.i.embedder.EclipseLogger - Using 'ISO-8859-1' encoding to copy filtered resources.
2021-07-01 14:52:16,766 [Worker-87] INFO  o.e.m.c.i.embedder.EclipseLogger - Copying 537 resources
2021-07-01 14:52:18,649 [Worker-87] INFO  o.e.m.c.i.embedder.EclipseLogger - Using 'ISO-8859-1' encoding to copy filtered resources.
2021-07-01 14:52:18,650 [Worker-87] INFO  o.e.m.c.i.embedder.EclipseLogger - skip non existing resourceDirectory C:\gitrepo\mratdd\cukesatdd\src\test\resources
2021-07-01 14:54:19,757 [Worker-91] INFO  o.e.m.c.i.embedder.EclipseLogger - Using 'ISO-8859-1' encoding to copy filtered resources.
2021-07-01 14:54:20,299 [Worker-91] INFO  o.e.m.c.i.embedder.EclipseLogger - Copying 537 resources
2021-07-01 14:54:22,059 [Worker-91] INFO  o.e.m.c.i.embedder.EclipseLogger - Using 'ISO-8859-1' encoding to copy filtered resources.
2021-07-01 14:54:22,060 [Worker-91] INFO  o.e.m.c.i.embedder.EclipseLogger - skip non existing resourceDirectory C:\gitrepo\mratdd\cukesatdd\src\test\resources
2021-07-01 14:56:15,204 [Worker-89] INFO  o.e.m.c.i.embedder.EclipseLogger - Using 'ISO-8859-1' encoding to copy filtered resources.
2021-07-01 14:56:15,783 [Worker-89] INFO  o.e.m.c.i.embedder.EclipseLogger - Copying 537 resources
2021-07-01 14:56:17,765 [Worker-89] INFO  o.e.m.c.i.embedder.EclipseLogger - Using 'ISO-8859-1' encoding to copy filtered resources.
2021-07-01 14:56:17,766 [Worker-89] INFO  o.e.m.c.i.embedder.EclipseLogger - skip non existing resourceDirectory C:\gitrepo\mratdd\cukesatdd\src\test\resources
2021-07-01 14:58:04,172 [Worker-83] INFO  o.e.m.c.i.embedder.EclipseLogger - Using 'ISO-8859-1' encoding to copy filtered resources.
2021-07-01 14:58:04,787 [Worker-83] INFO  o.e.m.c.i.embedder.EclipseLogger - Copying 537 resources
2021-07-01 14:58:06,685 [Worker-83] INFO  o.e.m.c.i.embedder.EclipseLogger - Using 'ISO-8859-1' encoding to copy filtered resources.
2021-07-01 14:58:06,686 [Worker-83] INFO  o.e.m.c.i.embedder.EclipseLogger - skip non existing resourceDirectory C:\gitrepo\mratdd\cukesatdd\src\test\resources
2021-07-01 14:59:07,766 [Worker-90] INFO  o.e.m.c.i.embedder.EclipseLogger - Using 'ISO-8859-1' encoding to copy filtered resources.
2021-07-01 14:59:08,335 [Worker-90] INFO  o.e.m.c.i.embedder.EclipseLogger - Copying 537 resources
2021-07-01 14:59:10,026 [Worker-90] INFO  o.e.m.c.i.embedder.EclipseLogger - Using 'ISO-8859-1' encoding to copy filtered resources.
2021-07-01 14:59:10,027 [Worker-90] INFO  o.e.m.c.i.embedder.EclipseLogger - skip non existing resourceDirectory C:\gitrepo\mratdd\cukesatdd\src\test\resources
2021-07-01 14:59:18,473 [Worker-87] INFO  o.e.m.c.i.embedder.EclipseLogger - Using 'ISO-8859-1' encoding to copy filtered resources.
2021-07-01 14:59:18,475 [Worker-87] INFO  o.e.m.c.i.embedder.EclipseLogger - Copying 1 resource
2021-07-01 14:59:18,519 [Worker-87] INFO  o.e.m.c.i.embedder.EclipseLogger - Using 'ISO-8859-1' encoding to copy filtered resources.
2021-07-01 14:59:18,519 [Worker-87] INFO  o.e.m.c.i.embedder.EclipseLogger - skip non existing resourceDirectory C:\gitrepo\mratdd\cukesatdd\src\test\resources
2021-07-01 15:01:16,601 [Worker-93] INFO  o.e.m.c.i.embedder.EclipseLogger - Using 'ISO-8859-1' encoding to copy filtered resources.
2021-07-01 15:01:16,602 [Worker-93] INFO  o.e.m.c.i.embedder.EclipseLogger - Copying 1 resource
2021-07-01 15:01:16,647 [Worker-93] INFO  o.e.m.c.i.embedder.EclipseLogger - Using 'ISO-8859-1' encoding to copy filtered resources.
2021-07-01 15:01:16,647 [Worker-93] INFO  o.e.m.c.i.embedder.EclipseLogger - skip non existing resourceDirectory C:\gitrepo\mratdd\cukesatdd\src\test\resources
2021-07-01 15:03:54,856 [Worker-98] INFO  o.e.m.c.i.embedder.EclipseLogger - Using 'ISO-8859-1' encoding to copy filtered resources.
2021-07-01 15:03:54,857 [Worker-98] INFO  o.e.m.c.i.embedder.EclipseLogger - Copying 1 resource
2021-07-01 15:03:54,902 [Worker-98] INFO  o.e.m.c.i.embedder.EclipseLogger - Using 'ISO-8859-1' encoding to copy filtered resources.
2021-07-01 15:03:54,903 [Worker-98] INFO  o.e.m.c.i.embedder.EclipseLogger - skip non existing resourceDirectory C:\gitrepo\mratdd\cukesatdd\src\test\resources
2021-07-01 15:04:25,784 [Worker-99] INFO  o.e.m.c.i.embedder.EclipseLogger - Using 'ISO-8859-1' encoding to copy filtered resources.
2021-07-01 15:04:25,786 [Worker-99] INFO  o.e.m.c.i.embedder.EclipseLogger - Copying 1 resource
2021-07-01 15:04:25,848 [Worker-99] INFO  o.e.m.c.i.embedder.EclipseLogger - Using 'ISO-8859-1' encoding to copy filtered resources.
2021-07-01 15:04:25,849 [Worker-99] INFO  o.e.m.c.i.embedder.EclipseLogger - skip non existing resourceDirectory C:\gitrepo\mratdd\cukesatdd\src\test\resources
2021-07-01 15:06:35,305 [Worker-102] INFO  o.e.m.c.i.embedder.EclipseLogger - Using 'ISO-8859-1' encoding to copy filtered resources.
2021-07-01 15:06:35,306 [Worker-102] INFO  o.e.m.c.i.embedder.EclipseLogger - Copying 1 resource
2021-07-01 15:06:35,363 [Worker-102] INFO  o.e.m.c.i.embedder.EclipseLogger - Using 'ISO-8859-1' encoding to copy filtered resources.
2021-07-01 15:06:35,364 [Worker-102] INFO  o.e.m.c.i.embedder.EclipseLogger - skip non existing resourceDirectory C:\gitrepo\mratdd\cukesatdd\src\test\resources
2021-07-01 15:06:44,318 [Worker-98] INFO  o.e.m.c.i.embedder.EclipseLogger - Using 'ISO-8859-1' encoding to copy filtered resources.
2021-07-01 15:06:44,319 [Worker-98] INFO  o.e.m.c.i.embedder.EclipseLogger - Copying 1 resource
2021-07-01 15:06:44,342 [Worker-98] INFO  o.e.m.c.i.embedder.EclipseLogger - Using 'ISO-8859-1' encoding to copy filtered resources.
2021-07-01 15:06:44,343 [Worker-98] INFO  o.e.m.c.i.embedder.EclipseLogger - skip non existing resourceDirectory C:\gitrepo\mratdd\cukesatdd\src\test\resources
2021-07-01 15:06:51,222 [Worker-93] INFO  o.e.m.c.i.embedder.EclipseLogger - Using 'ISO-8859-1' encoding to copy filtered resources.
2021-07-01 15:06:51,223 [Worker-93] INFO  o.e.m.c.i.embedder.EclipseLogger - Copying 1 resource
2021-07-01 15:06:51,232 [Worker-93] INFO  o.e.m.c.i.embedder.EclipseLogger - Using 'ISO-8859-1' encoding to copy filtered resources.
2021-07-01 15:06:51,233 [Worker-93] INFO  o.e.m.c.i.embedder.EclipseLogger - skip non existing resourceDirectory C:\gitrepo\mratdd\cukesatdd\src\test\resources
2021-07-01 15:28:14,011 [Worker-115] INFO  o.e.m.c.i.embedder.EclipseLogger - Using 'ISO-8859-1' encoding to copy filtered resources.
2021-07-01 15:28:14,628 [Worker-115] INFO  o.e.m.c.i.embedder.EclipseLogger - Copying 537 resources
2021-07-01 15:28:16,545 [Worker-115] INFO  o.e.m.c.i.embedder.EclipseLogger - Using 'ISO-8859-1' encoding to copy filtered resources.
2021-07-01 15:28:16,546 [Worker-115] INFO  o.e.m.c.i.embedder.EclipseLogger - skip non existing resourceDirectory C:\gitrepo\mratdd\cukesatdd\src\test\resources
2021-07-01 15:28:25,533 [Worker-112] INFO  o.e.m.c.i.embedder.EclipseLogger - Using 'ISO-8859-1' encoding to copy filtered resources.
2021-07-01 15:28:26,248 [Worker-112] INFO  o.e.m.c.i.embedder.EclipseLogger - Copying 537 resources
2021-07-01 15:28:28,360 [Worker-112] INFO  o.e.m.c.i.embedder.EclipseLogger - Using 'ISO-8859-1' encoding to copy filtered resources.
2021-07-01 15:28:28,361 [Worker-112] INFO  o.e.m.c.i.embedder.EclipseLogger - skip non existing resourceDirectory C:\gitrepo\mratdd\cukesatdd\src\test\resources
2021-07-01 15:28:55,268 [Worker-115] INFO  o.e.m.c.i.embedder.EclipseLogger - Using 'ISO-8859-1' encoding to copy filtered resources.
2021-07-01 15:28:55,893 [Worker-115] INFO  o.e.m.c.i.embedder.EclipseLogger - Copying 537 resources
2021-07-01 15:28:58,285 [Worker-115] INFO  o.e.m.c.i.embedder.EclipseLogger - Using 'ISO-8859-1' encoding to copy filtered resources.
2021-07-01 15:28:58,285 [Worker-115] INFO  o.e.m.c.i.embedder.EclipseLogger - skip non existing resourceDirectory C:\gitrepo\mratdd\cukesatdd\src\test\resources
2021-07-01 15:29:02,845 [Worker-111] INFO  o.e.m.c.i.embedder.EclipseLogger - Using 'ISO-8859-1' encoding to copy filtered resources.
2021-07-01 15:29:03,597 [Worker-111] INFO  o.e.m.c.i.embedder.EclipseLogger - Copying 537 resources
2021-07-01 15:29:05,685 [Worker-111] INFO  o.e.m.c.i.embedder.EclipseLogger - Using 'ISO-8859-1' encoding to copy filtered resources.
2021-07-01 15:29:05,686 [Worker-111] INFO  o.e.m.c.i.embedder.EclipseLogger - skip non existing resourceDirectory C:\gitrepo\mratdd\cukesatdd\src\test\resources
2021-07-01 15:29:25,784 [Worker-118] INFO  o.e.m.c.i.embedder.EclipseLogger - Using 'ISO-8859-1' encoding to copy filtered resources.
2021-07-01 15:29:26,457 [Worker-118] INFO  o.e.m.c.i.embedder.EclipseLogger - Copying 537 resources
2021-07-01 15:29:28,472 [Worker-118] INFO  o.e.m.c.i.embedder.EclipseLogger - Using 'ISO-8859-1' encoding to copy filtered resources.
2021-07-01 15:29:28,473 [Worker-118] INFO  o.e.m.c.i.embedder.EclipseLogger - skip non existing resourceDirectory C:\gitrepo\mratdd\cukesatdd\src\test\resources
2021-07-01 15:29:31,527 [Worker-115] INFO  o.e.m.c.i.embedder.EclipseLogger - Using 'ISO-8859-1' encoding to copy filtered resources.
2021-07-01 15:29:32,136 [Worker-115] INFO  o.e.m.c.i.embedder.EclipseLogger - Copying 537 resources
2021-07-01 15:29:34,012 [Worker-115] INFO  o.e.m.c.i.embedder.EclipseLogger - Using 'ISO-8859-1' encoding to copy filtered resources.
2021-07-01 15:29:34,013 [Worker-115] INFO  o.e.m.c.i.embedder.EclipseLogger - skip non existing resourceDirectory C:\gitrepo\mratdd\cukesatdd\src\test\resources
2021-07-01 15:33:54,571 [Worker-116] INFO  o.e.m.c.i.embedder.EclipseLogger - Using 'ISO-8859-1' encoding to copy filtered resources.
2021-07-01 15:33:55,177 [Worker-116] INFO  o.e.m.c.i.embedder.EclipseLogger - Copying 537 resources
2021-07-01 15:33:57,183 [Worker-116] INFO  o.e.m.c.i.embedder.EclipseLogger - Using 'ISO-8859-1' encoding to copy filtered resources.
2021-07-01 15:33:57,183 [Worker-116] INFO  o.e.m.c.i.embedder.EclipseLogger - skip non existing resourceDirectory C:\gitrepo\mratdd\cukesatdd\src\test\resources
2021-07-01 15:37:56,974 [Worker-120] INFO  o.e.m.c.i.embedder.EclipseLogger - Using 'ISO-8859-1' encoding to copy filtered resources.
2021-07-01 15:37:57,579 [Worker-120] INFO  o.e.m.c.i.embedder.EclipseLogger - Copying 537 resources
2021-07-01 15:37:59,515 [Worker-120] INFO  o.e.m.c.i.embedder.EclipseLogger - Using 'ISO-8859-1' encoding to copy filtered resources.
2021-07-01 15:37:59,517 [Worker-120] INFO  o.e.m.c.i.embedder.EclipseLogger - skip non existing resourceDirectory C:\gitrepo\mratdd\cukesatdd\src\test\resources
2021-07-01 15:38:56,957 [Worker-118] INFO  o.e.m.c.i.embedder.EclipseLogger - Using 'ISO-8859-1' encoding to copy filtered resources.
2021-07-01 15:38:57,547 [Worker-118] INFO  o.e.m.c.i.embedder.EclipseLogger - Copying 537 resources
2021-07-01 15:38:59,490 [Worker-118] INFO  o.e.m.c.i.embedder.EclipseLogger - Using 'ISO-8859-1' encoding to copy filtered resources.
2021-07-01 15:38:59,497 [Worker-118] INFO  o.e.m.c.i.embedder.EclipseLogger - skip non existing resourceDirectory C:\gitrepo\mratdd\cukesatdd\src\test\resources
2021-07-01 15:39:40,603 [Worker-124] INFO  o.e.m.c.i.embedder.EclipseLogger - Using 'ISO-8859-1' encoding to copy filtered resources.
2021-07-01 15:39:41,208 [Worker-124] INFO  o.e.m.c.i.embedder.EclipseLogger - Copying 537 resources
2021-07-01 15:39:43,243 [Worker-124] INFO  o.e.m.c.i.embedder.EclipseLogger - Using 'ISO-8859-1' encoding to copy filtered resources.
2021-07-01 15:39:43,244 [Worker-124] INFO  o.e.m.c.i.embedder.EclipseLogger - skip non existing resourceDirectory C:\gitrepo\mratdd\cukesatdd\src\test\resources
2021-07-01 15:40:37,690 [Worker-123] INFO  o.e.m.c.i.embedder.EclipseLogger - Using 'ISO-8859-1' encoding to copy filtered resources.
2021-07-01 15:40:38,321 [Worker-123] INFO  o.e.m.c.i.embedder.EclipseLogger - Copying 537 resources
2021-07-01 15:40:40,537 [Worker-123] INFO  o.e.m.c.i.embedder.EclipseLogger - Using 'ISO-8859-1' encoding to copy filtered resources.
2021-07-01 15:40:40,537 [Worker-123] INFO  o.e.m.c.i.embedder.EclipseLogger - skip non existing resourceDirectory C:\gitrepo\mratdd\cukesatdd\src\test\resources
2021-07-01 15:41:32,638 [Worker-118] INFO  o.e.m.c.i.embedder.EclipseLogger - Using 'ISO-8859-1' encoding to copy filtered resources.
2021-07-01 15:41:33,315 [Worker-118] INFO  o.e.m.c.i.embedder.EclipseLogger - Copying 537 resources
2021-07-01 15:41:35,377 [Worker-118] INFO  o.e.m.c.i.embedder.EclipseLogger - Using 'ISO-8859-1' encoding to copy filtered resources.
2021-07-01 15:41:35,378 [Worker-118] INFO  o.e.m.c.i.embedder.EclipseLogger - skip non existing resourceDirectory C:\gitrepo\mratdd\cukesatdd\src\test\resources
2021-07-01 16:59:35,960 [Worker-145] INFO  o.e.m.c.i.embedder.EclipseLogger - Using 'ISO-8859-1' encoding to copy filtered resources.
2021-07-01 16:59:36,642 [Worker-145] INFO  o.e.m.c.i.embedder.EclipseLogger - Copying 537 resources
2021-07-01 16:59:38,778 [Worker-145] INFO  o.e.m.c.i.embedder.EclipseLogger - Using 'ISO-8859-1' encoding to copy filtered resources.
2021-07-01 16:59:38,779 [Worker-145] INFO  o.e.m.c.i.embedder.EclipseLogger - skip non existing resourceDirectory C:\gitrepo\mratdd\cukesatdd\src\test\resources
2021-07-01 17:00:40,994 [Worker-148] INFO  o.e.m.c.i.embedder.EclipseLogger - Using 'ISO-8859-1' encoding to copy filtered resources.
2021-07-01 17:00:41,650 [Worker-148] INFO  o.e.m.c.i.embedder.EclipseLogger - Copying 537 resources
2021-07-01 17:00:43,580 [Worker-148] INFO  o.e.m.c.i.embedder.EclipseLogger - Using 'ISO-8859-1' encoding to copy filtered resources.
2021-07-01 17:00:43,581 [Worker-148] INFO  o.e.m.c.i.embedder.EclipseLogger - skip non existing resourceDirectory C:\gitrepo\mratdd\cukesatdd\src\test\resources
2021-07-01 17:01:45,166 [Worker-145] INFO  o.e.m.c.i.embedder.EclipseLogger - Using 'ISO-8859-1' encoding to copy filtered resources.
2021-07-01 17:01:45,812 [Worker-145] INFO  o.e.m.c.i.embedder.EclipseLogger - Copying 537 resources
2021-07-01 17:01:47,823 [Worker-145] INFO  o.e.m.c.i.embedder.EclipseLogger - Using 'ISO-8859-1' encoding to copy filtered resources.
2021-07-01 17:01:47,824 [Worker-145] INFO  o.e.m.c.i.embedder.EclipseLogger - skip non existing resourceDirectory C:\gitrepo\mratdd\cukesatdd\src\test\resources
2021-07-01 17:02:03,001 [Worker-148] INFO  o.e.m.c.i.embedder.EclipseLogger - Using 'ISO-8859-1' encoding to copy filtered resources.
2021-07-01 17:02:03,740 [Worker-148] INFO  o.e.m.c.i.embedder.EclipseLogger - Copying 537 resources
2021-07-01 17:02:05,874 [Worker-148] INFO  o.e.m.c.i.embedder.EclipseLogger - Using 'ISO-8859-1' encoding to copy filtered resources.
2021-07-01 17:02:05,875 [Worker-148] INFO  o.e.m.c.i.embedder.EclipseLogger - skip non existing resourceDirectory C:\gitrepo\mratdd\cukesatdd\src\test\resources
2021-07-01 17:02:18,350 [Worker-150] INFO  o.e.m.c.i.embedder.EclipseLogger - Using 'ISO-8859-1' encoding to copy filtered resources.
2021-07-01 17:02:19,000 [Worker-150] INFO  o.e.m.c.i.embedder.EclipseLogger - Copying 537 resources
2021-07-01 17:02:21,054 [Worker-150] INFO  o.e.m.c.i.embedder.EclipseLogger - Using 'ISO-8859-1' encoding to copy filtered resources.
2021-07-01 17:02:21,055 [Worker-150] INFO  o.e.m.c.i.embedder.EclipseLogger - skip non existing resourceDirectory C:\gitrepo\mratdd\cukesatdd\src\test\resources
2021-07-01 17:02:26,617 [Worker-140] INFO  o.e.m.c.i.embedder.EclipseLogger - Using 'ISO-8859-1' encoding to copy filtered resources.
2021-07-01 17:02:27,313 [Worker-140] INFO  o.e.m.c.i.embedder.EclipseLogger - Copying 537 resources
2021-07-01 17:02:29,400 [Worker-140] INFO  o.e.m.c.i.embedder.EclipseLogger - Using 'ISO-8859-1' encoding to copy filtered resources.
2021-07-01 17:02:29,401 [Worker-140] INFO  o.e.m.c.i.embedder.EclipseLogger - skip non existing resourceDirectory C:\gitrepo\mratdd\cukesatdd\src\test\resources
2021-07-01 17:12:05,578 [Worker-152] INFO  o.e.m.c.i.embedder.EclipseLogger - Using 'ISO-8859-1' encoding to copy filtered resources.
2021-07-01 17:12:06,186 [Worker-152] INFO  o.e.m.c.i.embedder.EclipseLogger - Copying 537 resources
2021-07-01 17:12:08,180 [Worker-152] INFO  o.e.m.c.i.embedder.EclipseLogger - Using 'ISO-8859-1' encoding to copy filtered resources.
2021-07-01 17:12:08,181 [Worker-152] INFO  o.e.m.c.i.embedder.EclipseLogger - skip non existing resourceDirectory C:\gitrepo\mratdd\cukesatdd\src\test\resources
2021-07-01 17:42:26,783 [Worker-155] INFO  o.e.m.c.i.embedder.EclipseLogger - Using 'ISO-8859-1' encoding to copy filtered resources.
2021-07-01 17:42:27,393 [Worker-155] INFO  o.e.m.c.i.embedder.EclipseLogger - Copying 537 resources
2021-07-01 17:42:29,312 [Worker-155] INFO  o.e.m.c.i.embedder.EclipseLogger - Using 'ISO-8859-1' encoding to copy filtered resources.
2021-07-01 17:42:29,313 [Worker-155] INFO  o.e.m.c.i.embedder.EclipseLogger - skip non existing resourceDirectory C:\gitrepo\mratdd\cukesatdd\src\test\resources
2021-07-01 17:42:38,739 [Worker-155] INFO  o.e.m.c.i.embedder.EclipseLogger - Using 'ISO-8859-1' encoding to copy filtered resources.
2021-07-01 17:42:39,409 [Worker-155] INFO  o.e.m.c.i.embedder.EclipseLogger - Copying 537 resources
2021-07-01 17:42:41,461 [Worker-155] INFO  o.e.m.c.i.embedder.EclipseLogger - Using 'ISO-8859-1' encoding to copy filtered resources.
2021-07-01 17:42:41,463 [Worker-155] INFO  o.e.m.c.i.embedder.EclipseLogger - skip non existing resourceDirectory C:\gitrepo\mratdd\cukesatdd\src\test\resources
2021-07-01 17:42:45,375 [Worker-155] INFO  o.e.m.c.i.embedder.EclipseLogger - Using 'ISO-8859-1' encoding to copy filtered resources.
2021-07-01 17:42:46,034 [Worker-155] INFO  o.e.m.c.i.embedder.EclipseLogger - Copying 537 resources
2021-07-01 17:42:48,050 [Worker-155] INFO  o.e.m.c.i.embedder.EclipseLogger - Using 'ISO-8859-1' encoding to copy filtered resources.
2021-07-01 17:42:48,051 [Worker-155] INFO  o.e.m.c.i.embedder.EclipseLogger - skip non existing resourceDirectory C:\gitrepo\mratdd\cukesatdd\src\test\resources
2021-07-01 18:51:11,479 [Worker-181] INFO  o.e.m.c.i.embedder.EclipseLogger - Using 'ISO-8859-1' encoding to copy filtered resources.
2021-07-01 18:51:11,482 [Worker-181] INFO  o.e.m.c.i.embedder.EclipseLogger - Copying 1 resource
2021-07-01 18:51:11,537 [Worker-181] INFO  o.e.m.c.i.embedder.EclipseLogger - Using 'ISO-8859-1' encoding to copy filtered resources.
2021-07-01 18:51:11,539 [Worker-181] INFO  o.e.m.c.i.embedder.EclipseLogger - skip non existing resourceDirectory C:\gitrepo\mratdd\cukesatdd\src\test\resources
2021-07-01 18:51:14,116 [Worker-179] INFO  o.e.m.c.i.embedder.EclipseLogger - Using 'ISO-8859-1' encoding to copy filtered resources.
2021-07-01 18:51:14,781 [Worker-179] INFO  o.e.m.c.i.embedder.EclipseLogger - Copying 537 resources
2021-07-01 18:51:16,765 [Worker-179] INFO  o.e.m.c.i.embedder.EclipseLogger - Using 'ISO-8859-1' encoding to copy filtered resources.
2021-07-01 18:51:16,766 [Worker-179] INFO  o.e.m.c.i.embedder.EclipseLogger - skip non existing resourceDirectory C:\gitrepo\mratdd\cukesatdd\src\test\resources
2021-07-02 10:53:40,435 [Worker-0] INFO  c.g.t.t.d.PublishedGradleVersions - Gradle version information cache is out-of-date. Trying to update.
2021-07-02 10:54:36,290 [Worker-7] INFO  o.e.m.c.i.embedder.EclipseLogger - Using 'ISO-8859-1' encoding to copy filtered resources.
2021-07-02 10:54:36,340 [Worker-7] INFO  o.e.m.c.i.embedder.EclipseLogger - Copying 537 resources
2021-07-02 10:54:47,377 [Worker-7] INFO  o.e.m.c.i.embedder.EclipseLogger - Using 'ISO-8859-1' encoding to copy filtered resources.
2021-07-02 10:54:47,378 [Worker-7] INFO  o.e.m.c.i.embedder.EclipseLogger - skip non existing resourceDirectory C:\gitrepo\mratdd\cukesatdd\src\test\resources
2021-07-02 12:20:40,094 [Worker-26] INFO  o.e.m.c.i.embedder.EclipseLogger - Using 'ISO-8859-1' encoding to copy filtered resources.
2021-07-02 12:20:40,103 [Worker-26] INFO  o.e.m.c.i.embedder.EclipseLogger - Copying 1 resource
2021-07-02 12:20:40,137 [Worker-26] INFO  o.e.m.c.i.embedder.EclipseLogger - Using 'ISO-8859-1' encoding to copy filtered resources.
2021-07-02 12:20:40,137 [Worker-26] INFO  o.e.m.c.i.embedder.EclipseLogger - skip non existing resourceDirectory C:\gitrepo\mratdd\cukesatdd\src\test\resources
2021-07-02 12:21:37,269 [Worker-27] INFO  o.e.m.c.i.embedder.EclipseLogger - Using 'ISO-8859-1' encoding to copy filtered resources.
2021-07-02 12:21:37,270 [Worker-27] INFO  o.e.m.c.i.embedder.EclipseLogger - Copying 1 resource
2021-07-02 12:21:37,311 [Worker-27] INFO  o.e.m.c.i.embedder.EclipseLogger - Using 'ISO-8859-1' encoding to copy filtered resources.
2021-07-02 12:21:37,312 [Worker-27] INFO  o.e.m.c.i.embedder.EclipseLogger - skip non existing resourceDirectory C:\gitrepo\mratdd\cukesatdd\src\test\resources
2021-07-02 12:37:26,593 [Worker-32] INFO  o.e.m.c.i.embedder.EclipseLogger - Using 'ISO-8859-1' encoding to copy filtered resources.
2021-07-02 12:37:27,136 [Worker-32] INFO  o.e.m.c.i.embedder.EclipseLogger - Copying 537 resources
2021-07-02 12:37:28,739 [Worker-32] INFO  o.e.m.c.i.embedder.EclipseLogger - Using 'ISO-8859-1' encoding to copy filtered resources.
2021-07-02 12:37:28,740 [Worker-32] INFO  o.e.m.c.i.embedder.EclipseLogger - skip non existing resourceDirectory C:\gitrepo\mratdd\cukesatdd\src\test\resources
2021-07-02 12:37:32,611 [Worker-34] INFO  o.e.m.c.i.embedder.EclipseLogger - Using 'ISO-8859-1' encoding to copy filtered resources.
2021-07-02 12:37:33,106 [Worker-34] INFO  o.e.m.c.i.embedder.EclipseLogger - Copying 537 resources
2021-07-02 12:37:34,731 [Worker-34] INFO  o.e.m.c.i.embedder.EclipseLogger - Using 'ISO-8859-1' encoding to copy filtered resources.
2021-07-02 12:37:34,731 [Worker-34] INFO  o.e.m.c.i.embedder.EclipseLogger - skip non existing resourceDirectory C:\gitrepo\mratdd\cukesatdd\src\test\resources
2021-07-02 12:39:41,800 [Worker-32] INFO  o.e.m.c.i.embedder.EclipseLogger - Using 'ISO-8859-1' encoding to copy filtered resources.
2021-07-02 12:39:41,801 [Worker-32] INFO  o.e.m.c.i.embedder.EclipseLogger - Copying 1 resource
2021-07-02 12:39:41,845 [Worker-32] INFO  o.e.m.c.i.embedder.EclipseLogger - Using 'ISO-8859-1' encoding to copy filtered resources.
2021-07-02 12:39:41,846 [Worker-32] INFO  o.e.m.c.i.embedder.EclipseLogger - skip non existing resourceDirectory C:\gitrepo\mratdd\cukesatdd\src\test\resources
2021-07-02 12:40:38,912 [Worker-37] INFO  o.e.m.c.i.embedder.EclipseLogger - Using 'ISO-8859-1' encoding to copy filtered resources.
2021-07-02 12:40:38,913 [Worker-37] INFO  o.e.m.c.i.embedder.EclipseLogger - Copying 1 resource
2021-07-02 12:40:38,950 [Worker-37] INFO  o.e.m.c.i.embedder.EclipseLogger - Using 'ISO-8859-1' encoding to copy filtered resources.
2021-07-02 12:40:38,951 [Worker-37] INFO  o.e.m.c.i.embedder.EclipseLogger - skip non existing resourceDirectory C:\gitrepo\mratdd\cukesatdd\src\test\resources
2021-07-02 12:43:13,462 [Worker-19] INFO  o.e.m.c.i.embedder.EclipseLogger - Using 'ISO-8859-1' encoding to copy filtered resources.
2021-07-02 12:43:14,152 [Worker-19] INFO  o.e.m.c.i.embedder.EclipseLogger - Copying 537 resources
2021-07-02 12:43:15,995 [Worker-19] INFO  o.e.m.c.i.embedder.EclipseLogger - Using 'ISO-8859-1' encoding to copy filtered resources.
2021-07-02 12:43:15,996 [Worker-19] INFO  o.e.m.c.i.embedder.EclipseLogger - skip non existing resourceDirectory C:\gitrepo\mratdd\cukesatdd\src\test\resources
2021-07-02 12:49:07,353 [Worker-33] INFO  o.e.m.c.i.embedder.EclipseLogger - Using 'ISO-8859-1' encoding to copy filtered resources.
2021-07-02 12:49:07,932 [Worker-33] INFO  o.e.m.c.i.embedder.EclipseLogger - Copying 537 resources
2021-07-02 12:49:09,690 [Worker-33] INFO  o.e.m.c.i.embedder.EclipseLogger - Using 'ISO-8859-1' encoding to copy filtered resources.
2021-07-02 12:49:09,691 [Worker-33] INFO  o.e.m.c.i.embedder.EclipseLogger - skip non existing resourceDirectory C:\gitrepo\mratdd\cukesatdd\src\test\resources
2021-07-02 12:57:01,995 [Worker-33] INFO  o.e.m.c.i.embedder.EclipseLogger - Using 'ISO-8859-1' encoding to copy filtered resources.
2021-07-02 12:57:02,999 [Worker-33] INFO  o.e.m.c.i.embedder.EclipseLogger - Copying 537 resources
2021-07-02 12:57:05,775 [Worker-33] INFO  o.e.m.c.i.embedder.EclipseLogger - Using 'ISO-8859-1' encoding to copy filtered resources.
2021-07-02 12:57:05,776 [Worker-33] INFO  o.e.m.c.i.embedder.EclipseLogger - skip non existing resourceDirectory C:\gitrepo\mratdd\cukesatdd\src\test\resources
2021-07-02 13:03:59,283 [Worker-56] INFO  o.e.m.c.i.embedder.EclipseLogger - Using 'ISO-8859-1' encoding to copy filtered resources.
2021-07-02 13:03:59,285 [Worker-56] INFO  o.e.m.c.i.embedder.EclipseLogger - Copying 1 resource
2021-07-02 13:03:59,324 [Worker-56] INFO  o.e.m.c.i.embedder.EclipseLogger - Using 'ISO-8859-1' encoding to copy filtered resources.
2021-07-02 13:03:59,324 [Worker-56] INFO  o.e.m.c.i.embedder.EclipseLogger - skip non existing resourceDirectory C:\gitrepo\mratdd\cukesatdd\src\test\resources
2021-07-02 13:05:51,917 [Worker-49] INFO  o.e.m.c.i.embedder.EclipseLogger - Using 'ISO-8859-1' encoding to copy filtered resources.
2021-07-02 13:05:52,537 [Worker-49] INFO  o.e.m.c.i.embedder.EclipseLogger - Copying 537 resources
2021-07-02 13:05:54,441 [Worker-49] INFO  o.e.m.c.i.embedder.EclipseLogger - Using 'ISO-8859-1' encoding to copy filtered resources.
2021-07-02 13:05:54,441 [Worker-49] INFO  o.e.m.c.i.embedder.EclipseLogger - skip non existing resourceDirectory C:\gitrepo\mratdd\cukesatdd\src\test\resources
2021-07-02 13:22:20,428 [Worker-63] INFO  o.e.m.c.i.embedder.EclipseLogger - Using 'ISO-8859-1' encoding to copy filtered resources.
2021-07-02 13:22:21,060 [Worker-63] INFO  o.e.m.c.i.embedder.EclipseLogger - Copying 537 resources
2021-07-02 13:22:22,944 [Worker-63] INFO  o.e.m.c.i.embedder.EclipseLogger - Using 'ISO-8859-1' encoding to copy filtered resources.
2021-07-02 13:22:22,946 [Worker-63] INFO  o.e.m.c.i.embedder.EclipseLogger - skip non existing resourceDirectory C:\gitrepo\mratdd\cukesatdd\src\test\resources
2021-07-02 13:33:28,794 [Worker-60] INFO  o.e.m.c.i.l.LifecycleMappingFactory - Using org.eclipse.m2e.jdt.JarLifecycleMapping lifecycle mapping for MavenProject: com.uhg:cukesatdd:1.0-SNAPSHOT @ C:\gitrepo\mratdd\cukesatdd\pom.xml.
2021-07-02 13:33:43,771 [Worker-60] INFO  o.e.m.c.i.embedder.EclipseLogger - Using 'ISO-8859-1' encoding to copy filtered resources.
2021-07-02 13:33:43,777 [Worker-60] INFO  o.e.m.c.i.embedder.EclipseLogger - Copying 0 resource
2021-07-02 13:33:43,783 [Worker-60] INFO  o.e.m.c.i.embedder.EclipseLogger - Using 'ISO-8859-1' encoding to copy filtered resources.
2021-07-02 13:33:43,783 [Worker-60] INFO  o.e.m.c.i.embedder.EclipseLogger - skip non existing resourceDirectory C:\gitrepo\mratdd\cukesatdd\src\test\resources
2021-07-02 13:34:18,265 [Worker-72] INFO  o.e.m.c.i.embedder.EclipseLogger - Using 'ISO-8859-1' encoding to copy filtered resources.
2021-07-02 13:34:18,872 [Worker-72] INFO  o.e.m.c.i.embedder.EclipseLogger - Copying 537 resources
2021-07-02 13:34:20,848 [Worker-72] INFO  o.e.m.c.i.embedder.EclipseLogger - Using 'ISO-8859-1' encoding to copy filtered resources.
2021-07-02 13:34:20,849 [Worker-72] INFO  o.e.m.c.i.embedder.EclipseLogger - skip non existing resourceDirectory C:\gitrepo\mratdd\cukesatdd\src\test\resources
2021-07-02 14:16:10,572 [Worker-89] INFO  o.e.m.c.i.embedder.EclipseLogger - Using 'ISO-8859-1' encoding to copy filtered resources.
2021-07-02 14:16:11,130 [Worker-89] INFO  o.e.m.c.i.embedder.EclipseLogger - Copying 536 resources
2021-07-02 14:16:13,079 [Worker-89] INFO  o.e.m.c.i.embedder.EclipseLogger - Using 'ISO-8859-1' encoding to copy filtered resources.
2021-07-02 14:16:13,080 [Worker-89] INFO  o.e.m.c.i.embedder.EclipseLogger - skip non existing resourceDirectory C:\gitrepo\mratdd\cukesatdd\src\test\resources
